2020-04-01 00:01:13.372  INFO 16172 --- [http-nio-8002-exec-9] c.f.e.security.JwtAuthenticationFilter   : authenticated user Kesav, setting security context[ROLE_ADMIN, ROLE_PMO]
2020-04-01 00:01:13.372  INFO 16172 --- [http-nio-8002-exec-10] c.f.e.security.JwtAuthenticationFilter   : authenticated user Kesav, setting security context[ROLE_ADMIN, ROLE_PMO]
2020-04-01 00:01:14.387  INFO 16172 --- [AsyncResolver-bootstrap-executor-0] c.n.d.s.r.aws.ConfigClusterResolver      : Resolving eureka endpoints via configuration
2020-04-01 00:01:25.678  INFO 16172 --- [http-nio-8002-exec-2] c.f.e.security.JwtAuthenticationFilter   : authenticated user Kesav, setting security context[ROLE_ADMIN, ROLE_PMO]
2020-04-01 00:01:25.680  INFO 16172 --- [http-nio-8002-exec-1] c.f.e.security.JwtAuthenticationFilter   : authenticated user Kesav, setting security context[ROLE_ADMIN, ROLE_PMO]
2020-04-01 00:02:31.566  INFO 16172 --- [http-nio-8002-exec-5] c.f.e.security.JwtAuthenticationFilter   : authenticated user Kesav, setting security context[ROLE_ADMIN, ROLE_PMO]
2020-04-01 00:02:31.621  INFO 16172 --- [http-nio-8002-exec-7] c.f.e.security.JwtAuthenticationFilter   : authenticated user Kesav, setting security context[ROLE_ADMIN, ROLE_PMO]
2020-04-01 00:02:38.569  INFO 16172 --- [http-nio-8002-exec-8] c.f.e.security.JwtAuthenticationFilter   : authenticated user Kesav, setting security context[ROLE_ADMIN, ROLE_PMO]
2020-04-01 00:02:38.569  INFO 16172 --- [http-nio-8002-exec-6] c.f.e.security.JwtAuthenticationFilter   : authenticated user Kesav, setting security context[ROLE_ADMIN, ROLE_PMO]
2020-04-01 00:03:14.072  INFO 16172 --- [http-nio-8002-exec-9] c.f.e.security.JwtAuthenticationFilter   : authenticated user Kesav, setting security context[ROLE_ADMIN, ROLE_PMO]
2020-04-01 00:03:19.291  INFO 16172 --- [http-nio-8002-exec-10] c.f.e.security.JwtAuthenticationFilter   : authenticated user Kesav, setting security context[ROLE_ADMIN, ROLE_PMO]
2020-04-01 00:03:19.291  INFO 16172 --- [http-nio-8002-exec-2] c.f.e.security.JwtAuthenticationFilter   : authenticated user Kesav, setting security context[ROLE_ADMIN, ROLE_PMO]
2020-04-01 00:04:33.207  INFO 16172 --- [http-nio-8002-exec-5] c.f.e.security.JwtAuthenticationFilter   : authenticated user Kesav, setting security context[ROLE_ADMIN, ROLE_PMO]
2020-04-01 00:04:33.207  INFO 16172 --- [http-nio-8002-exec-3] c.f.e.security.JwtAuthenticationFilter   : authenticated user Kesav, setting security context[ROLE_ADMIN, ROLE_PMO]
2020-04-01 00:05:06.688  INFO 16172 --- [http-nio-8002-exec-7] c.f.e.security.JwtAuthenticationFilter   : authenticated user Kesav, setting security context[ROLE_ADMIN, ROLE_PMO]
2020-04-01 00:05:06.755  INFO 16172 --- [http-nio-8002-exec-8] c.f.e.security.JwtAuthenticationFilter   : authenticated user Kesav, setting security context[ROLE_ADMIN, ROLE_PMO]
2020-04-01 00:05:45.605  INFO 16172 --- [http-nio-8002-exec-9] c.f.e.security.JwtAuthenticationFilter   : authenticated user Kesav, setting security context[ROLE_ADMIN, ROLE_PMO]
2020-04-01 00:05:58.156  INFO 16172 --- [http-nio-8002-exec-10] c.f.e.security.JwtAuthenticationFilter   : authenticated user Kesav, setting security context[ROLE_ADMIN, ROLE_PMO]
2020-04-01 00:06:07.098  INFO 16172 --- [http-nio-8002-exec-2] c.f.e.security.JwtAuthenticationFilter   : authenticated user Kesav, setting security context[ROLE_ADMIN, ROLE_PMO]
2020-04-01 00:06:13.335  INFO 16172 --- [http-nio-8002-exec-4] c.f.e.security.JwtAuthenticationFilter   : authenticated user Kesav, setting security context[ROLE_ADMIN, ROLE_PMO]
2020-04-01 00:06:14.388  INFO 16172 --- [AsyncResolver-bootstrap-executor-0] c.n.d.s.r.aws.ConfigClusterResolver      : Resolving eureka endpoints via configuration
2020-04-01 00:09:14.889  INFO 16172 --- [http-nio-8002-exec-3] c.f.e.security.JwtAuthenticationFilter   : authenticated user Kesav, setting security context[ROLE_ADMIN, ROLE_PMO]
2020-04-01 00:09:17.753  INFO 16172 --- [http-nio-8002-exec-5] c.f.e.security.JwtAuthenticationFilter   : authenticated user Kesav, setting security context[ROLE_ADMIN, ROLE_PMO]
2020-04-01 00:09:17.753  INFO 16172 --- [http-nio-8002-exec-7] c.f.e.security.JwtAuthenticationFilter   : authenticated user Kesav, setting security context[ROLE_ADMIN, ROLE_PMO]
2020-04-01 00:10:03.547  INFO 16172 --- [http-nio-8002-exec-8] c.f.e.security.JwtAuthenticationFilter   : authenticated user Kesav, setting security context[ROLE_ADMIN, ROLE_PMO]
2020-04-01 00:10:03.572  INFO 16172 --- [http-nio-8002-exec-6] c.f.e.security.JwtAuthenticationFilter   : authenticated user Kesav, setting security context[ROLE_ADMIN, ROLE_PMO]
2020-04-01 00:10:16.235  INFO 16172 --- [http-nio-8002-exec-9] c.f.e.security.JwtAuthenticationFilter   : authenticated user Kesav, setting security context[ROLE_ADMIN, ROLE_PMO]
2020-04-01 00:10:16.236  INFO 16172 --- [http-nio-8002-exec-10] c.f.e.security.JwtAuthenticationFilter   : authenticated user Kesav, setting security context[ROLE_ADMIN, ROLE_PMO]
2020-04-01 00:11:14.390  INFO 16172 --- [AsyncResolver-bootstrap-executor-0] c.n.d.s.r.aws.ConfigClusterResolver      : Resolving eureka endpoints via configuration
2020-04-01 00:15:33.424  INFO 16172 --- [Thread-37] o.s.c.n.e.s.EurekaServiceRegistry        : Unregistering application EVENTS-SERVICE with eureka with status DOWN
2020-04-01 00:15:33.425  WARN 16172 --- [Thread-37] com.netflix.discovery.DiscoveryClient    : Saw local status change event StatusChangeEvent [timestamp=1585680333425, current=DOWN, previous=UP]
2020-04-01 00:15:33.425  INFO 16172 --- [DiscoveryClient-InstanceInfoReplicator-0] com.netflix.discovery.DiscoveryClient    : DiscoveryClient_EVENTS-SERVICE/localhost:events-service:8002: registering service...
2020-04-01 00:15:33.428  INFO 16172 --- [Thread-37] o.s.s.concurrent.ThreadPoolTaskExecutor  : Shutting down ExecutorService 'applicationTaskExecutor'
2020-04-01 00:15:33.429  INFO 16172 --- [Thread-37] j.LocalContainerEntityManagerFactoryBean : Closing JPA EntityManagerFactory for persistence unit 'default'
2020-04-01 00:15:33.430  INFO 16172 --- [Thread-37] com.netflix.discovery.DiscoveryClient    : Shutting down DiscoveryClient ...
2020-04-01 00:15:33.435  INFO 16172 --- [DiscoveryClient-InstanceInfoReplicator-0] com.netflix.discovery.DiscoveryClient    : DiscoveryClient_EVENTS-SERVICE/localhost:events-service:8002 - registration status: 204
2020-04-01 00:15:33.436  INFO 16172 --- [Thread-37] com.netflix.discovery.DiscoveryClient    : Unregistering ...
2020-04-01 00:15:33.438  INFO 16172 --- [Thread-37] com.netflix.discovery.DiscoveryClient    : DiscoveryClient_EVENTS-SERVICE/localhost:events-service:8002 - deregister  status: 200
2020-04-01 00:15:33.443  INFO 16172 --- [Thread-37] com.netflix.discovery.DiscoveryClient    : Completed shut down of DiscoveryClient
2020-04-01 00:15:33.443  INFO 16172 --- [Thread-37] com.zaxxer.hikari.HikariDataSource       : HikariPool-5 - Shutdown initiated...
2020-04-01 00:15:33.450  INFO 16172 --- [Thread-37] com.zaxxer.hikari.HikariDataSource       : HikariPool-5 - Shutdown completed.
2020-04-01 00:15:36.577  INFO 16172 --- [restartedMain] com.fms.event.EventServiceApplication    : No active profile set, falling back to default profiles: default
2020-04-01 00:15:36.890  INFO 16172 --- [restartedMain] .s.d.r.c.RepositoryConfigurationDelegate : Bootstrapping Spring Data JPA repositories in DEFAULT mode.
2020-04-01 00:15:36.922  INFO 16172 --- [restartedMain] .s.d.r.c.RepositoryConfigurationDelegate : Finished Spring Data repository scanning in 32ms. Found 4 JPA repository interfaces.
2020-04-01 00:15:36.995  INFO 16172 --- [restartedMain] o.s.cloud.context.scope.GenericScope     : BeanFactory id=f793ff13-434d-3674-99e1-b3c866c39421
2020-04-01 00:15:37.019  INFO 16172 --- [restartedMain] trationDelegate$BeanPostProcessorChecker : Bean 'org.springframework.security.config.annotation.configuration.ObjectPostProcessorConfiguration' of type [org.springframework.security.config.annotation.configuration.ObjectPostProcessorConfiguration] is not eligible for getting processed by all BeanPostProcessors (for example: not eligible for auto-proxying)
2020-04-01 00:15:37.020  INFO 16172 --- [restartedMain] trationDelegate$BeanPostProcessorChecker : Bean 'objectPostProcessor' of type [org.springframework.security.config.annotation.configuration.AutowireBeanFactoryObjectPostProcessor] is not eligible for getting processed by all BeanPostProcessors (for example: not eligible for auto-proxying)
2020-04-01 00:15:37.021  INFO 16172 --- [restartedMain] trationDelegate$BeanPostProcessorChecker : Bean 'org.springframework.security.access.expression.method.DefaultMethodSecurityExpressionHandler@64ccd24d' of type [org.springframework.security.access.expression.method.DefaultMethodSecurityExpressionHandler] is not eligible for getting processed by all BeanPostProcessors (for example: not eligible for auto-proxying)
2020-04-01 00:15:37.022  INFO 16172 --- [restartedMain] trationDelegate$BeanPostProcessorChecker : Bean 'org.springframework.security.config.annotation.method.configuration.GlobalMethodSecurityConfiguration' of type [org.springframework.security.config.annotation.method.configuration.GlobalMethodSecurityConfiguration] is not eligible for getting processed by all BeanPostProcessors (for example: not eligible for auto-proxying)
2020-04-01 00:15:37.022  INFO 16172 --- [restartedMain] trationDelegate$BeanPostProcessorChecker : Bean 'methodSecurityMetadataSource' of type [org.springframework.security.access.method.DelegatingMethodSecurityMetadataSource] is not eligible for getting processed by all BeanPostProcessors (for example: not eligible for auto-proxying)
2020-04-01 00:15:37.110  INFO 16172 --- [restartedMain] o.s.b.w.embedded.tomcat.TomcatWebServer  : Tomcat initialized with port(s): 8002 (http)
2020-04-01 00:15:37.111  INFO 16172 --- [restartedMain] o.apache.catalina.core.StandardService   : Starting service [Tomcat]
2020-04-01 00:15:37.111  INFO 16172 --- [restartedMain] org.apache.catalina.core.StandardEngine  : Starting Servlet engine: [Apache Tomcat/9.0.31]
2020-04-01 00:15:37.154  INFO 16172 --- [restartedMain] o.a.c.c.C.[Tomcat].[localhost].[/]       : Initializing Spring embedded WebApplicationContext
2020-04-01 00:15:37.365  INFO 16172 --- [restartedMain] com.zaxxer.hikari.HikariDataSource       : HikariPool-6 - Starting...
2020-04-01 00:15:37.374  INFO 16172 --- [restartedMain] com.zaxxer.hikari.HikariDataSource       : HikariPool-6 - Start completed.
2020-04-01 00:15:37.476  INFO 16172 --- [restartedMain] j.LocalContainerEntityManagerFactoryBean : Initialized JPA EntityManagerFactory for persistence unit 'default'
2020-04-01 00:15:37.786 DEBUG 16172 --- [restartedMain] c.f.e.s.FilterChainExceptionHandler      : Filter 'filterChainExceptionHandler' configured for use
2020-04-01 00:15:37.786 DEBUG 16172 --- [restartedMain] c.f.e.security.JwtAuthenticationFilter   : Filter 'authenticationTokenFilterBean' configured for use
2020-04-01 00:15:37.992  WARN 16172 --- [restartedMain] c.n.c.sources.URLConfigurationSource     : No URLs will be polled as dynamic configuration sources.
2020-04-01 00:15:37.992  INFO 16172 --- [restartedMain] c.n.c.sources.URLConfigurationSource     : To enable URLs as dynamic configuration sources, define System property archaius.configurationSource.additionalUrls or make config.properties available on classpath.
2020-04-01 00:15:38.011  INFO 16172 --- [restartedMain] o.s.s.concurrent.ThreadPoolTaskExecutor  : Initializing ExecutorService 'applicationTaskExecutor'
2020-04-01 00:15:38.070  WARN 16172 --- [restartedMain] o.s.b.a.batch.JpaBatchConfigurer         : JPA does not support custom isolation levels, so locks may not be taken when launching Jobs
2020-04-01 00:15:38.071  INFO 16172 --- [restartedMain] o.s.b.c.r.s.JobRepositoryFactoryBean     : No database type set, using meta data indicating: MYSQL
2020-04-01 00:15:38.071  INFO 16172 --- [restartedMain] o.s.b.c.l.support.SimpleJobLauncher      : No TaskExecutor has been set, defaulting to synchronous executor.
2020-04-01 00:15:38.135  WARN 16172 --- [restartedMain] o.s.b.d.a.OptionalLiveReloadServer       : Unable to start LiveReload server
2020-04-01 00:15:39.491  INFO 16172 --- [restartedMain] o.s.cloud.commons.util.InetUtils         : Cannot determine local hostname
2020-04-01 00:15:40.849  INFO 16172 --- [restartedMain] o.s.cloud.commons.util.InetUtils         : Cannot determine local hostname
2020-04-01 00:15:42.219  INFO 16172 --- [restartedMain] o.s.cloud.commons.util.InetUtils         : Cannot determine local hostname
2020-04-01 00:15:42.253  WARN 16172 --- [restartedMain] ockingLoadBalancerClientRibbonWarnLogger : You already have RibbonLoadBalancerClient on your classpath. It will be used by default. As Spring Cloud Ribbon is in maintenance mode. We recommend switching to BlockingLoadBalancerClient instead. In order to use it, set the value of `spring.cloud.loadbalancer.ribbon.enabled` to `false` or remove spring-cloud-starter-netflix-ribbon from your project.
2020-04-01 00:15:42.288  INFO 16172 --- [restartedMain] o.s.c.n.eureka.InstanceInfoFactory       : Setting initial instance status as: STARTING
2020-04-01 00:15:42.290  INFO 16172 --- [restartedMain] com.netflix.discovery.DiscoveryClient    : Initializing Eureka in region us-east-1
2020-04-01 00:15:42.291  INFO 16172 --- [restartedMain] c.n.d.provider.DiscoveryJerseyProvider   : Using JSON encoding codec LegacyJacksonJson
2020-04-01 00:15:42.291  INFO 16172 --- [restartedMain] c.n.d.provider.DiscoveryJerseyProvider   : Using JSON decoding codec LegacyJacksonJson
2020-04-01 00:15:42.291  INFO 16172 --- [restartedMain] c.n.d.provider.DiscoveryJerseyProvider   : Using XML encoding codec XStreamXml
2020-04-01 00:15:42.292  INFO 16172 --- [restartedMain] c.n.d.provider.DiscoveryJerseyProvider   : Using XML decoding codec XStreamXml
2020-04-01 00:15:42.325  INFO 16172 --- [restartedMain] c.n.d.s.r.aws.ConfigClusterResolver      : Resolving eureka endpoints via configuration
2020-04-01 00:15:42.326  INFO 16172 --- [restartedMain] com.netflix.discovery.DiscoveryClient    : Disable delta property : false
2020-04-01 00:15:42.326  INFO 16172 --- [restartedMain] com.netflix.discovery.DiscoveryClient    : Single vip registry refresh property : null
2020-04-01 00:15:42.326  INFO 16172 --- [restartedMain] com.netflix.discovery.DiscoveryClient    : Force full registry fetch : false
2020-04-01 00:15:42.326  INFO 16172 --- [restartedMain] com.netflix.discovery.DiscoveryClient    : Application is null : false
2020-04-01 00:15:42.326  INFO 16172 --- [restartedMain] com.netflix.discovery.DiscoveryClient    : Registered Applications size is zero : true
2020-04-01 00:15:42.326  INFO 16172 --- [restartedMain] com.netflix.discovery.DiscoveryClient    : Application version is -1: true
2020-04-01 00:15:42.326  INFO 16172 --- [restartedMain] com.netflix.discovery.DiscoveryClient    : Getting all instance registry info from the eureka server
2020-04-01 00:15:42.329  INFO 16172 --- [restartedMain] com.netflix.discovery.DiscoveryClient    : The response status is 200
2020-04-01 00:15:42.329  INFO 16172 --- [restartedMain] com.netflix.discovery.DiscoveryClient    : Starting heartbeat executor: renew interval is: 30
2020-04-01 00:15:42.330  INFO 16172 --- [restartedMain] c.n.discovery.InstanceInfoReplicator     : InstanceInfoReplicator onDemand update allowed rate per min is 4
2020-04-01 00:15:42.332  INFO 16172 --- [restartedMain] com.netflix.discovery.DiscoveryClient    : Discovery Client initialized at timestamp 1585680342332 with initial instances count: 3
2020-04-01 00:15:42.334  INFO 16172 --- [restartedMain] o.s.c.n.e.s.EurekaServiceRegistry        : Registering application EVENTS-SERVICE with eureka with status UP
2020-04-01 00:15:42.334  INFO 16172 --- [restartedMain] com.netflix.discovery.DiscoveryClient    : Saw local status change event StatusChangeEvent [timestamp=1585680342334, current=UP, previous=STARTING]
2020-04-01 00:15:42.335  INFO 16172 --- [DiscoveryClient-InstanceInfoReplicator-0] com.netflix.discovery.DiscoveryClient    : DiscoveryClient_EVENTS-SERVICE/localhost:events-service:8002: registering service...
2020-04-01 00:15:42.338  INFO 16172 --- [DiscoveryClient-InstanceInfoReplicator-0] com.netflix.discovery.DiscoveryClient    : DiscoveryClient_EVENTS-SERVICE/localhost:events-service:8002 - registration status: 204
2020-04-01 00:15:42.342  INFO 16172 --- [restartedMain] o.s.b.w.embedded.tomcat.TomcatWebServer  : Tomcat started on port(s): 8002 (http) with context path ''
2020-04-01 00:15:42.343  INFO 16172 --- [restartedMain] .s.c.n.e.s.EurekaAutoServiceRegistration : Updating port to 8002
2020-04-01 00:15:43.690  INFO 16172 --- [restartedMain] o.s.cloud.commons.util.InetUtils         : Cannot determine local hostname
2020-04-01 00:15:43.691  INFO 16172 --- [restartedMain] com.fms.event.EventServiceApplication    : Started EventServiceApplication in 9.899 seconds (JVM running for 118705.932)
2020-04-01 00:15:43.692  INFO 16172 --- [restartedMain] .ConditionEvaluationDeltaLoggingListener : Condition evaluation unchanged
2020-04-01 00:16:09.192  INFO 16172 --- [Thread-46] o.s.c.n.e.s.EurekaServiceRegistry        : Unregistering application EVENTS-SERVICE with eureka with status DOWN
2020-04-01 00:16:09.192  WARN 16172 --- [Thread-46] com.netflix.discovery.DiscoveryClient    : Saw local status change event StatusChangeEvent [timestamp=1585680369192, current=DOWN, previous=UP]
2020-04-01 00:16:09.192  INFO 16172 --- [DiscoveryClient-InstanceInfoReplicator-0] com.netflix.discovery.DiscoveryClient    : DiscoveryClient_EVENTS-SERVICE/localhost:events-service:8002: registering service...
2020-04-01 00:16:09.194  INFO 16172 --- [Thread-46] o.s.s.concurrent.ThreadPoolTaskExecutor  : Shutting down ExecutorService 'applicationTaskExecutor'
2020-04-01 00:16:09.195  INFO 16172 --- [Thread-46] j.LocalContainerEntityManagerFactoryBean : Closing JPA EntityManagerFactory for persistence unit 'default'
2020-04-01 00:16:09.197  INFO 16172 --- [Thread-46] com.netflix.discovery.DiscoveryClient    : Shutting down DiscoveryClient ...
2020-04-01 00:16:09.197  INFO 16172 --- [DiscoveryClient-InstanceInfoReplicator-0] com.netflix.discovery.DiscoveryClient    : DiscoveryClient_EVENTS-SERVICE/localhost:events-service:8002 - registration status: 204
2020-04-01 00:16:09.197  INFO 16172 --- [Thread-46] com.netflix.discovery.DiscoveryClient    : Unregistering ...
2020-04-01 00:16:09.199  INFO 16172 --- [Thread-46] com.netflix.discovery.DiscoveryClient    : DiscoveryClient_EVENTS-SERVICE/localhost:events-service:8002 - deregister  status: 200
2020-04-01 00:16:09.203  INFO 16172 --- [Thread-46] com.netflix.discovery.DiscoveryClient    : Completed shut down of DiscoveryClient
2020-04-01 00:16:09.203  INFO 16172 --- [Thread-46] com.zaxxer.hikari.HikariDataSource       : HikariPool-6 - Shutdown initiated...
2020-04-01 00:16:09.208  INFO 16172 --- [Thread-46] com.zaxxer.hikari.HikariDataSource       : HikariPool-6 - Shutdown completed.
2020-04-01 00:16:12.322  INFO 16172 --- [restartedMain] com.fms.event.EventServiceApplication    : No active profile set, falling back to default profiles: default
2020-04-01 00:16:12.590  INFO 16172 --- [restartedMain] .s.d.r.c.RepositoryConfigurationDelegate : Bootstrapping Spring Data JPA repositories in DEFAULT mode.
2020-04-01 00:16:12.619  INFO 16172 --- [restartedMain] .s.d.r.c.RepositoryConfigurationDelegate : Finished Spring Data repository scanning in 28ms. Found 4 JPA repository interfaces.
2020-04-01 00:16:12.679  INFO 16172 --- [restartedMain] o.s.cloud.context.scope.GenericScope     : BeanFactory id=f793ff13-434d-3674-99e1-b3c866c39421
2020-04-01 00:16:12.700  INFO 16172 --- [restartedMain] trationDelegate$BeanPostProcessorChecker : Bean 'org.springframework.security.config.annotation.configuration.ObjectPostProcessorConfiguration' of type [org.springframework.security.config.annotation.configuration.ObjectPostProcessorConfiguration] is not eligible for getting processed by all BeanPostProcessors (for example: not eligible for auto-proxying)
2020-04-01 00:16:12.701  INFO 16172 --- [restartedMain] trationDelegate$BeanPostProcessorChecker : Bean 'objectPostProcessor' of type [org.springframework.security.config.annotation.configuration.AutowireBeanFactoryObjectPostProcessor] is not eligible for getting processed by all BeanPostProcessors (for example: not eligible for auto-proxying)
2020-04-01 00:16:12.701  INFO 16172 --- [restartedMain] trationDelegate$BeanPostProcessorChecker : Bean 'org.springframework.security.access.expression.method.DefaultMethodSecurityExpressionHandler@5a3e0c81' of type [org.springframework.security.access.expression.method.DefaultMethodSecurityExpressionHandler] is not eligible for getting processed by all BeanPostProcessors (for example: not eligible for auto-proxying)
2020-04-01 00:16:12.702  INFO 16172 --- [restartedMain] trationDelegate$BeanPostProcessorChecker : Bean 'org.springframework.security.config.annotation.method.configuration.GlobalMethodSecurityConfiguration' of type [org.springframework.security.config.annotation.method.configuration.GlobalMethodSecurityConfiguration] is not eligible for getting processed by all BeanPostProcessors (for example: not eligible for auto-proxying)
2020-04-01 00:16:12.702  INFO 16172 --- [restartedMain] trationDelegate$BeanPostProcessorChecker : Bean 'methodSecurityMetadataSource' of type [org.springframework.security.access.method.DelegatingMethodSecurityMetadataSource] is not eligible for getting processed by all BeanPostProcessors (for example: not eligible for auto-proxying)
2020-04-01 00:16:12.756  INFO 16172 --- [restartedMain] o.s.b.w.embedded.tomcat.TomcatWebServer  : Tomcat initialized with port(s): 8002 (http)
2020-04-01 00:16:12.756  INFO 16172 --- [restartedMain] o.apache.catalina.core.StandardService   : Starting service [Tomcat]
2020-04-01 00:16:12.756  INFO 16172 --- [restartedMain] org.apache.catalina.core.StandardEngine  : Starting Servlet engine: [Apache Tomcat/9.0.31]
2020-04-01 00:16:12.795  INFO 16172 --- [restartedMain] o.a.c.c.C.[Tomcat].[localhost].[/]       : Initializing Spring embedded WebApplicationContext
2020-04-01 00:16:12.968  INFO 16172 --- [restartedMain] com.zaxxer.hikari.HikariDataSource       : HikariPool-7 - Starting...
2020-04-01 00:16:12.978  INFO 16172 --- [restartedMain] com.zaxxer.hikari.HikariDataSource       : HikariPool-7 - Start completed.
2020-04-01 00:16:13.062  INFO 16172 --- [restartedMain] j.LocalContainerEntityManagerFactoryBean : Initialized JPA EntityManagerFactory for persistence unit 'default'
2020-04-01 00:16:13.330 DEBUG 16172 --- [restartedMain] c.f.e.s.FilterChainExceptionHandler      : Filter 'filterChainExceptionHandler' configured for use
2020-04-01 00:16:13.330 DEBUG 16172 --- [restartedMain] c.f.e.security.JwtAuthenticationFilter   : Filter 'authenticationTokenFilterBean' configured for use
2020-04-01 00:16:13.540  WARN 16172 --- [restartedMain] c.n.c.sources.URLConfigurationSource     : No URLs will be polled as dynamic configuration sources.
2020-04-01 00:16:13.540  INFO 16172 --- [restartedMain] c.n.c.sources.URLConfigurationSource     : To enable URLs as dynamic configuration sources, define System property archaius.configurationSource.additionalUrls or make config.properties available on classpath.
2020-04-01 00:16:13.556  INFO 16172 --- [restartedMain] o.s.s.concurrent.ThreadPoolTaskExecutor  : Initializing ExecutorService 'applicationTaskExecutor'
2020-04-01 00:16:13.596  WARN 16172 --- [restartedMain] o.s.b.a.batch.JpaBatchConfigurer         : JPA does not support custom isolation levels, so locks may not be taken when launching Jobs
2020-04-01 00:16:13.596  INFO 16172 --- [restartedMain] o.s.b.c.r.s.JobRepositoryFactoryBean     : No database type set, using meta data indicating: MYSQL
2020-04-01 00:16:13.596  INFO 16172 --- [restartedMain] o.s.b.c.l.support.SimpleJobLauncher      : No TaskExecutor has been set, defaulting to synchronous executor.
2020-04-01 00:16:13.650  WARN 16172 --- [restartedMain] o.s.b.d.a.OptionalLiveReloadServer       : Unable to start LiveReload server
2020-04-01 00:16:14.990  INFO 16172 --- [restartedMain] o.s.cloud.commons.util.InetUtils         : Cannot determine local hostname
2020-04-01 00:16:16.343  INFO 16172 --- [restartedMain] o.s.cloud.commons.util.InetUtils         : Cannot determine local hostname
2020-04-01 00:16:17.729  INFO 16172 --- [restartedMain] o.s.cloud.commons.util.InetUtils         : Cannot determine local hostname
2020-04-01 00:16:17.745  WARN 16172 --- [restartedMain] ockingLoadBalancerClientRibbonWarnLogger : You already have RibbonLoadBalancerClient on your classpath. It will be used by default. As Spring Cloud Ribbon is in maintenance mode. We recommend switching to BlockingLoadBalancerClient instead. In order to use it, set the value of `spring.cloud.loadbalancer.ribbon.enabled` to `false` or remove spring-cloud-starter-netflix-ribbon from your project.
2020-04-01 00:16:17.774  INFO 16172 --- [restartedMain] o.s.c.n.eureka.InstanceInfoFactory       : Setting initial instance status as: STARTING
2020-04-01 00:16:17.775  INFO 16172 --- [restartedMain] com.netflix.discovery.DiscoveryClient    : Initializing Eureka in region us-east-1
2020-04-01 00:16:17.776  INFO 16172 --- [restartedMain] c.n.d.provider.DiscoveryJerseyProvider   : Using JSON encoding codec LegacyJacksonJson
2020-04-01 00:16:17.776  INFO 16172 --- [restartedMain] c.n.d.provider.DiscoveryJerseyProvider   : Using JSON decoding codec LegacyJacksonJson
2020-04-01 00:16:17.776  INFO 16172 --- [restartedMain] c.n.d.provider.DiscoveryJerseyProvider   : Using XML encoding codec XStreamXml
2020-04-01 00:16:17.776  INFO 16172 --- [restartedMain] c.n.d.provider.DiscoveryJerseyProvider   : Using XML decoding codec XStreamXml
2020-04-01 00:16:17.807  INFO 16172 --- [restartedMain] c.n.d.s.r.aws.ConfigClusterResolver      : Resolving eureka endpoints via configuration
2020-04-01 00:16:17.807  INFO 16172 --- [restartedMain] com.netflix.discovery.DiscoveryClient    : Disable delta property : false
2020-04-01 00:16:17.807  INFO 16172 --- [restartedMain] com.netflix.discovery.DiscoveryClient    : Single vip registry refresh property : null
2020-04-01 00:16:17.808  INFO 16172 --- [restartedMain] com.netflix.discovery.DiscoveryClient    : Force full registry fetch : false
2020-04-01 00:16:17.808  INFO 16172 --- [restartedMain] com.netflix.discovery.DiscoveryClient    : Application is null : false
2020-04-01 00:16:17.808  INFO 16172 --- [restartedMain] com.netflix.discovery.DiscoveryClient    : Registered Applications size is zero : true
2020-04-01 00:16:17.808  INFO 16172 --- [restartedMain] com.netflix.discovery.DiscoveryClient    : Application version is -1: true
2020-04-01 00:16:17.808  INFO 16172 --- [restartedMain] com.netflix.discovery.DiscoveryClient    : Getting all instance registry info from the eureka server
2020-04-01 00:16:17.810  INFO 16172 --- [restartedMain] com.netflix.discovery.DiscoveryClient    : The response status is 200
2020-04-01 00:16:17.810  INFO 16172 --- [restartedMain] com.netflix.discovery.DiscoveryClient    : Starting heartbeat executor: renew interval is: 30
2020-04-01 00:16:17.811  INFO 16172 --- [restartedMain] c.n.discovery.InstanceInfoReplicator     : InstanceInfoReplicator onDemand update allowed rate per min is 4
2020-04-01 00:16:17.811  INFO 16172 --- [restartedMain] com.netflix.discovery.DiscoveryClient    : Discovery Client initialized at timestamp 1585680377811 with initial instances count: 3
2020-04-01 00:16:17.813  INFO 16172 --- [restartedMain] o.s.c.n.e.s.EurekaServiceRegistry        : Registering application EVENTS-SERVICE with eureka with status UP
2020-04-01 00:16:17.814  INFO 16172 --- [restartedMain] com.netflix.discovery.DiscoveryClient    : Saw local status change event StatusChangeEvent [timestamp=1585680377814, current=UP, previous=STARTING]
2020-04-01 00:16:17.814  INFO 16172 --- [DiscoveryClient-InstanceInfoReplicator-0] com.netflix.discovery.DiscoveryClient    : DiscoveryClient_EVENTS-SERVICE/localhost:events-service:8002: registering service...
2020-04-01 00:16:17.819  INFO 16172 --- [DiscoveryClient-InstanceInfoReplicator-0] com.netflix.discovery.DiscoveryClient    : DiscoveryClient_EVENTS-SERVICE/localhost:events-service:8002 - registration status: 204
2020-04-01 00:16:17.822  INFO 16172 --- [restartedMain] o.s.b.w.embedded.tomcat.TomcatWebServer  : Tomcat started on port(s): 8002 (http) with context path ''
2020-04-01 00:16:17.823  INFO 16172 --- [restartedMain] .s.c.n.e.s.EurekaAutoServiceRegistration : Updating port to 8002
2020-04-01 00:16:19.160  INFO 16172 --- [restartedMain] o.s.cloud.commons.util.InetUtils         : Cannot determine local hostname
2020-04-01 00:16:19.162  INFO 16172 --- [restartedMain] com.fms.event.EventServiceApplication    : Started EventServiceApplication in 9.629 seconds (JVM running for 118741.403)
2020-04-01 00:16:19.164  INFO 16172 --- [restartedMain] .ConditionEvaluationDeltaLoggingListener : Condition evaluation unchanged
2020-04-01 00:16:47.476  INFO 16172 --- [http-nio-8002-exec-1] o.a.c.c.C.[Tomcat].[localhost].[/]       : Initializing Spring DispatcherServlet 'dispatcherServlet'
2020-04-01 00:16:47.485  INFO 16172 --- [http-nio-8002-exec-1] c.f.e.security.JwtAuthenticationFilter   : authenticated user Kesav, setting security context[ROLE_ADMIN, ROLE_PMO]
2020-04-01 00:16:47.485  INFO 16172 --- [http-nio-8002-exec-2] c.f.e.security.JwtAuthenticationFilter   : authenticated user Kesav, setting security context[ROLE_ADMIN, ROLE_PMO]
2020-04-01 00:16:47.490 DEBUG 16172 --- [http-nio-8002-exec-1] BatchConfiguration$ReferenceTargetSource : Initializing lazy target object
2020-04-01 00:16:50.168  INFO 16172 --- [http-nio-8002-exec-3] c.f.e.security.JwtAuthenticationFilter   : authenticated user Kesav, setting security context[ROLE_ADMIN, ROLE_PMO]
2020-04-01 00:17:13.873  INFO 16172 --- [http-nio-8002-exec-4] c.f.e.security.JwtAuthenticationFilter   : authenticated user Kesav, setting security context[ROLE_ADMIN, ROLE_PMO]
2020-04-01 00:17:22.548  INFO 16172 --- [http-nio-8002-exec-5] c.f.e.security.JwtAuthenticationFilter   : authenticated user Kesav, setting security context[ROLE_ADMIN, ROLE_PMO]
2020-04-01 00:17:36.411  INFO 16172 --- [http-nio-8002-exec-6] c.f.e.security.JwtAuthenticationFilter   : authenticated user Kesav, setting security context[ROLE_ADMIN, ROLE_PMO]
2020-04-01 00:17:58.754  INFO 16172 --- [http-nio-8002-exec-8] c.f.e.security.JwtAuthenticationFilter   : authenticated user Kesav, setting security context[ROLE_ADMIN, ROLE_PMO]
2020-04-01 00:18:33.027  INFO 16172 --- [http-nio-8002-exec-9] c.f.e.security.JwtAuthenticationFilter   : authenticated user Kesav, setting security context[ROLE_ADMIN, ROLE_PMO]
2020-04-01 00:19:30.928  INFO 16172 --- [http-nio-8002-exec-10] c.f.e.security.JwtAuthenticationFilter   : authenticated user Kesav, setting security context[ROLE_ADMIN, ROLE_PMO]
2020-04-01 00:19:34.790  INFO 16172 --- [http-nio-8002-exec-2] c.f.e.security.JwtAuthenticationFilter   : authenticated user Kesav, setting security context[ROLE_ADMIN, ROLE_PMO]
2020-04-01 00:19:34.790  INFO 16172 --- [http-nio-8002-exec-1] c.f.e.security.JwtAuthenticationFilter   : authenticated user Kesav, setting security context[ROLE_ADMIN, ROLE_PMO]
2020-04-01 00:21:01.522  INFO 16172 --- [http-nio-8002-exec-6] c.f.e.security.JwtAuthenticationFilter   : authenticated user Kesav, setting security context[ROLE_ADMIN, ROLE_PMO]
2020-04-01 00:21:01.522  INFO 16172 --- [http-nio-8002-exec-5] c.f.e.security.JwtAuthenticationFilter   : authenticated user Kesav, setting security context[ROLE_ADMIN, ROLE_PMO]
2020-04-01 00:21:13.128  INFO 16172 --- [http-nio-8002-exec-7] c.f.e.security.JwtAuthenticationFilter   : authenticated user Kesav, setting security context[ROLE_ADMIN, ROLE_PMO]
2020-04-01 00:21:13.183  INFO 16172 --- [http-nio-8002-exec-8] c.f.e.security.JwtAuthenticationFilter   : authenticated user Kesav, setting security context[ROLE_ADMIN, ROLE_PMO]
2020-04-01 00:21:17.810  INFO 16172 --- [AsyncResolver-bootstrap-executor-0] c.n.d.s.r.aws.ConfigClusterResolver      : Resolving eureka endpoints via configuration
2020-04-01 00:21:25.603  INFO 16172 --- [http-nio-8002-exec-9] c.f.e.security.JwtAuthenticationFilter   : authenticated user Kesav, setting security context[ROLE_ADMIN, ROLE_PMO]
2020-04-01 00:21:25.603  INFO 16172 --- [http-nio-8002-exec-10] c.f.e.security.JwtAuthenticationFilter   : authenticated user Kesav, setting security context[ROLE_ADMIN, ROLE_PMO]
2020-04-01 00:23:57.773  INFO 16172 --- [http-nio-8002-exec-3] c.f.e.security.JwtAuthenticationFilter   : authenticated user Kesav, setting security context[ROLE_ADMIN, ROLE_PMO]
2020-04-01 00:23:57.773  INFO 16172 --- [http-nio-8002-exec-4] c.f.e.security.JwtAuthenticationFilter   : authenticated user Kesav, setting security context[ROLE_ADMIN, ROLE_PMO]
2020-04-01 00:26:17.812  INFO 16172 --- [AsyncResolver-bootstrap-executor-0] c.n.d.s.r.aws.ConfigClusterResolver      : Resolving eureka endpoints via configuration
2020-04-01 00:31:17.814  INFO 16172 --- [AsyncResolver-bootstrap-executor-0] c.n.d.s.r.aws.ConfigClusterResolver      : Resolving eureka endpoints via configuration
2020-04-01 00:33:32.772  INFO 16172 --- [http-nio-8002-exec-7] c.f.e.security.JwtAuthenticationFilter   : authenticated user Kesav, setting security context[ROLE_ADMIN, ROLE_PMO]
2020-04-01 00:33:40.627  INFO 16172 --- [http-nio-8002-exec-8] c.f.e.security.JwtAuthenticationFilter   : authenticated user Kesav, setting security context[ROLE_ADMIN, ROLE_PMO]
2020-04-01 00:33:51.699  INFO 16172 --- [http-nio-8002-exec-10] c.f.e.security.JwtAuthenticationFilter   : authenticated user Kesav, setting security context[ROLE_ADMIN, ROLE_PMO]
2020-04-01 00:33:51.700  INFO 16172 --- [http-nio-8002-exec-9] c.f.e.security.JwtAuthenticationFilter   : authenticated user Kesav, setting security context[ROLE_ADMIN, ROLE_PMO]
2020-04-01 00:34:40.354  INFO 16172 --- [http-nio-8002-exec-2] c.f.e.security.JwtAuthenticationFilter   : authenticated user Kesav, setting security context[ROLE_ADMIN, ROLE_PMO]
2020-04-01 00:34:48.806  INFO 16172 --- [http-nio-8002-exec-1] c.f.e.security.JwtAuthenticationFilter   : authenticated user Kesav, setting security context[ROLE_ADMIN, ROLE_PMO]
2020-04-01 00:34:48.809  INFO 16172 --- [http-nio-8002-exec-3] c.f.e.security.JwtAuthenticationFilter   : authenticated user Kesav, setting security context[ROLE_ADMIN, ROLE_PMO]
2020-04-01 00:35:40.606  INFO 16172 --- [http-nio-8002-exec-4] c.f.e.security.JwtAuthenticationFilter   : authenticated user Kesav, setting security context[ROLE_ADMIN, ROLE_PMO]
2020-04-01 00:35:40.634  INFO 16172 --- [http-nio-8002-exec-5] c.f.e.security.JwtAuthenticationFilter   : authenticated user Kesav, setting security context[ROLE_ADMIN, ROLE_PMO]
2020-04-01 00:35:51.799  INFO 16172 --- [http-nio-8002-exec-7] c.f.e.security.JwtAuthenticationFilter   : authenticated user Kesav, setting security context[ROLE_ADMIN, ROLE_PMO]
2020-04-01 00:35:56.498  INFO 16172 --- [http-nio-8002-exec-8] c.f.e.security.JwtAuthenticationFilter   : authenticated user Kesav, setting security context[ROLE_ADMIN, ROLE_PMO]
2020-04-01 00:36:05.362  INFO 16172 --- [http-nio-8002-exec-10] c.f.e.security.JwtAuthenticationFilter   : authenticated user Kesav, setting security context[ROLE_ADMIN, ROLE_PMO]
2020-04-01 00:36:05.366  INFO 16172 --- [http-nio-8002-exec-9] c.f.e.security.JwtAuthenticationFilter   : authenticated user Kesav, setting security context[ROLE_ADMIN, ROLE_PMO]
2020-04-01 00:36:17.816  INFO 16172 --- [AsyncResolver-bootstrap-executor-0] c.n.d.s.r.aws.ConfigClusterResolver      : Resolving eureka endpoints via configuration
2020-04-01 00:36:49.428  INFO 16172 --- [http-nio-8002-exec-2] c.f.e.security.JwtAuthenticationFilter   : authenticated user Kesav, setting security context[ROLE_ADMIN, ROLE_PMO]
2020-04-01 00:36:49.428  INFO 16172 --- [http-nio-8002-exec-1] c.f.e.security.JwtAuthenticationFilter   : authenticated user Kesav, setting security context[ROLE_ADMIN, ROLE_PMO]
2020-04-01 00:39:05.103  INFO 16172 --- [http-nio-8002-exec-5] c.f.e.security.JwtAuthenticationFilter   : authenticated user Kesav, setting security context[ROLE_ADMIN, ROLE_PMO]
2020-04-01 00:39:05.103  INFO 16172 --- [http-nio-8002-exec-6] c.f.e.security.JwtAuthenticationFilter   : authenticated user Kesav, setting security context[ROLE_ADMIN, ROLE_PMO]
2020-04-01 00:41:01.636  INFO 16172 --- [http-nio-8002-exec-9] c.f.e.security.JwtAuthenticationFilter   : authenticated user Kesav, setting security context[ROLE_ADMIN, ROLE_PMO]
2020-04-01 00:41:01.636  INFO 16172 --- [http-nio-8002-exec-10] c.f.e.security.JwtAuthenticationFilter   : authenticated user Kesav, setting security context[ROLE_ADMIN, ROLE_PMO]
2020-04-01 00:41:17.818  INFO 16172 --- [AsyncResolver-bootstrap-executor-0] c.n.d.s.r.aws.ConfigClusterResolver      : Resolving eureka endpoints via configuration
2020-04-01 00:43:17.621  INFO 16172 --- [http-nio-8002-exec-4] c.f.e.security.JwtAuthenticationFilter   : authenticated user Kesav, setting security context[ROLE_ADMIN, ROLE_PMO]
2020-04-01 00:43:17.621  INFO 16172 --- [http-nio-8002-exec-3] c.f.e.security.JwtAuthenticationFilter   : authenticated user Kesav, setting security context[ROLE_ADMIN, ROLE_PMO]
2020-04-01 00:44:08.105  INFO 16172 --- [http-nio-8002-exec-6] c.f.e.security.JwtAuthenticationFilter   : authenticated user Kesav, setting security context[ROLE_ADMIN, ROLE_PMO]
2020-04-01 00:44:15.749  INFO 16172 --- [http-nio-8002-exec-5] c.f.e.security.JwtAuthenticationFilter   : authenticated user Kesav, setting security context[ROLE_ADMIN, ROLE_PMO]
2020-04-01 00:44:15.752  INFO 16172 --- [http-nio-8002-exec-7] c.f.e.security.JwtAuthenticationFilter   : authenticated user Kesav, setting security context[ROLE_ADMIN, ROLE_PMO]
2020-04-01 00:44:35.876  INFO 16172 --- [http-nio-8002-exec-8] c.f.e.security.JwtAuthenticationFilter   : authenticated user Kesav, setting security context[ROLE_ADMIN, ROLE_PMO]
2020-04-01 00:45:05.065  INFO 16172 --- [http-nio-8002-exec-10] c.f.e.security.JwtAuthenticationFilter   : authenticated user Kesav, setting security context[ROLE_ADMIN, ROLE_PMO]
2020-04-01 00:45:05.090  INFO 16172 --- [http-nio-8002-exec-9] c.f.e.security.JwtAuthenticationFilter   : authenticated user Kesav, setting security context[ROLE_ADMIN, ROLE_PMO]
2020-04-01 00:45:16.935  INFO 16172 --- [http-nio-8002-exec-2] c.f.e.security.JwtAuthenticationFilter   : authenticated user Kesav, setting security context[ROLE_ADMIN, ROLE_PMO]
2020-04-01 00:45:34.251  INFO 16172 --- [http-nio-8002-exec-4] c.f.e.security.JwtAuthenticationFilter   : authenticated user Kesav, setting security context[ROLE_ADMIN, ROLE_PMO]
2020-04-01 00:45:34.251  INFO 16172 --- [http-nio-8002-exec-3] c.f.e.security.JwtAuthenticationFilter   : authenticated user Kesav, setting security context[ROLE_ADMIN, ROLE_PMO]
2020-04-01 00:45:40.354  INFO 16172 --- [http-nio-8002-exec-6] c.f.e.security.JwtAuthenticationFilter   : authenticated user Kesav, setting security context[ROLE_ADMIN, ROLE_PMO]
2020-04-01 00:45:50.286  INFO 16172 --- [http-nio-8002-exec-7] c.f.e.security.JwtAuthenticationFilter   : authenticated user Kesav, setting security context[ROLE_ADMIN, ROLE_PMO]
2020-04-01 00:45:50.286  INFO 16172 --- [http-nio-8002-exec-5] c.f.e.security.JwtAuthenticationFilter   : authenticated user Kesav, setting security context[ROLE_ADMIN, ROLE_PMO]
2020-04-01 00:46:17.820  INFO 16172 --- [AsyncResolver-bootstrap-executor-0] c.n.d.s.r.aws.ConfigClusterResolver      : Resolving eureka endpoints via configuration
2020-04-01 00:46:34.489  INFO 16172 --- [http-nio-8002-exec-8] c.f.e.security.JwtAuthenticationFilter   : authenticated user Kesav, setting security context[ROLE_ADMIN, ROLE_PMO]
2020-04-01 00:46:41.803  INFO 16172 --- [http-nio-8002-exec-10] c.f.e.security.JwtAuthenticationFilter   : authenticated user Kesav, setting security context[ROLE_ADMIN, ROLE_PMO]
2020-04-01 00:47:16.556  INFO 16172 --- [http-nio-8002-exec-1] c.f.e.security.JwtAuthenticationFilter   : authenticated user Kesav, setting security context[ROLE_ADMIN, ROLE_PMO]
2020-04-01 00:47:24.414  INFO 16172 --- [http-nio-8002-exec-2] c.f.e.security.JwtAuthenticationFilter   : authenticated user Kesav, setting security context[ROLE_ADMIN, ROLE_PMO]
2020-04-01 00:47:33.572  INFO 16172 --- [http-nio-8002-exec-4] c.f.e.security.JwtAuthenticationFilter   : authenticated user Kesav, setting security context[ROLE_ADMIN, ROLE_PMO]
2020-04-01 00:47:39.665  INFO 16172 --- [http-nio-8002-exec-3] c.f.e.security.JwtAuthenticationFilter   : authenticated user Kesav, setting security context[ROLE_ADMIN, ROLE_PMO]
2020-04-01 00:47:57.244  INFO 16172 --- [http-nio-8002-exec-6] c.f.e.security.JwtAuthenticationFilter   : authenticated user Kesav, setting security context[ROLE_ADMIN, ROLE_PMO]
2020-04-01 00:48:23.138  INFO 16172 --- [http-nio-8002-exec-7] c.f.e.security.JwtAuthenticationFilter   : authenticated user Kesav, setting security context[ROLE_ADMIN, ROLE_PMO]
2020-04-01 00:48:23.168  INFO 16172 --- [http-nio-8002-exec-5] c.f.e.security.JwtAuthenticationFilter   : authenticated user Kesav, setting security context[ROLE_ADMIN, ROLE_PMO]
2020-04-01 00:48:49.796  INFO 16172 --- [http-nio-8002-exec-8] c.f.e.security.JwtAuthenticationFilter   : authenticated user Kesav, setting security context[ROLE_ADMIN, ROLE_PMO]
2020-04-01 00:48:49.796  INFO 16172 --- [http-nio-8002-exec-10] c.f.e.security.JwtAuthenticationFilter   : authenticated user Kesav, setting security context[ROLE_ADMIN, ROLE_PMO]
2020-04-01 00:49:43.304  INFO 16172 --- [http-nio-8002-exec-9] c.f.e.security.JwtAuthenticationFilter   : authenticated user Kesav, setting security context[ROLE_ADMIN, ROLE_PMO]
2020-04-01 00:51:05.272  INFO 16172 --- [http-nio-8002-exec-4] c.f.e.security.JwtAuthenticationFilter   : authenticated user Kesav, setting security context[ROLE_ADMIN, ROLE_PMO]
2020-04-01 00:51:05.272  INFO 16172 --- [http-nio-8002-exec-3] c.f.e.security.JwtAuthenticationFilter   : authenticated user Kesav, setting security context[ROLE_ADMIN, ROLE_PMO]
2020-04-01 00:51:10.380  INFO 16172 --- [http-nio-8002-exec-6] c.f.e.security.JwtAuthenticationFilter   : authenticated user Kesav, setting security context[ROLE_ADMIN, ROLE_PMO]
2020-04-01 00:51:15.449  INFO 16172 --- [http-nio-8002-exec-7] c.f.e.security.JwtAuthenticationFilter   : authenticated user Kesav, setting security context[ROLE_ADMIN, ROLE_PMO]
2020-04-01 00:51:15.449  INFO 16172 --- [http-nio-8002-exec-5] c.f.e.security.JwtAuthenticationFilter   : authenticated user Kesav, setting security context[ROLE_ADMIN, ROLE_PMO]
2020-04-01 00:51:17.822  INFO 16172 --- [AsyncResolver-bootstrap-executor-0] c.n.d.s.r.aws.ConfigClusterResolver      : Resolving eureka endpoints via configuration
2020-04-01 00:51:29.702  INFO 16172 --- [http-nio-8002-exec-8] c.f.e.security.JwtAuthenticationFilter   : authenticated user Kesav, setting security context[ROLE_ADMIN, ROLE_PMO]
2020-04-01 00:52:18.679  INFO 16172 --- [http-nio-8002-exec-9] c.f.e.security.JwtAuthenticationFilter   : authenticated user Kesav, setting security context[ROLE_ADMIN, ROLE_PMO]
2020-04-01 00:52:18.680  INFO 16172 --- [http-nio-8002-exec-1] c.f.e.security.JwtAuthenticationFilter   : authenticated user Kesav, setting security context[ROLE_ADMIN, ROLE_PMO]
2020-04-01 00:52:24.681  INFO 16172 --- [http-nio-8002-exec-2] c.f.e.security.JwtAuthenticationFilter   : authenticated user Kesav, setting security context[ROLE_ADMIN, ROLE_PMO]
2020-04-01 00:52:51.931  INFO 16172 --- [http-nio-8002-exec-4] c.f.e.security.JwtAuthenticationFilter   : authenticated user Kesav, setting security context[ROLE_ADMIN, ROLE_PMO]
2020-04-01 00:52:51.941  INFO 16172 --- [http-nio-8002-exec-3] c.f.e.security.JwtAuthenticationFilter   : authenticated user Kesav, setting security context[ROLE_ADMIN, ROLE_PMO]
2020-04-01 00:53:16.212  INFO 16172 --- [http-nio-8002-exec-6] c.f.e.security.JwtAuthenticationFilter   : authenticated user Kesav, setting security context[ROLE_ADMIN, ROLE_PMO]
2020-04-01 00:53:16.213  INFO 16172 --- [http-nio-8002-exec-7] c.f.e.security.JwtAuthenticationFilter   : authenticated user Kesav, setting security context[ROLE_ADMIN, ROLE_PMO]
2020-04-01 00:53:23.728  INFO 16172 --- [http-nio-8002-exec-5] c.f.e.security.JwtAuthenticationFilter   : authenticated user Kesav, setting security context[ROLE_ADMIN, ROLE_PMO]
2020-04-01 00:53:38.810  INFO 16172 --- [http-nio-8002-exec-8] c.f.e.security.JwtAuthenticationFilter   : authenticated user Kesav, setting security context[ROLE_ADMIN, ROLE_PMO]
2020-04-01 00:53:38.810  INFO 16172 --- [http-nio-8002-exec-10] c.f.e.security.JwtAuthenticationFilter   : authenticated user Kesav, setting security context[ROLE_ADMIN, ROLE_PMO]
2020-04-01 00:56:17.823  INFO 16172 --- [AsyncResolver-bootstrap-executor-0] c.n.d.s.r.aws.ConfigClusterResolver      : Resolving eureka endpoints via configuration
2020-04-01 00:59:44.780  INFO 16172 --- [http-nio-8002-exec-2] c.f.e.security.JwtAuthenticationFilter   : authenticated user Kesav, setting security context[ROLE_ADMIN, ROLE_PMO]
2020-04-01 00:59:44.790  INFO 16172 --- [http-nio-8002-exec-4] c.f.e.security.JwtAuthenticationFilter   : authenticated user Kesav, setting security context[ROLE_ADMIN, ROLE_PMO]
2020-04-01 01:01:17.493  INFO 16172 --- [http-nio-8002-exec-6] c.f.e.security.JwtAuthenticationFilter   : authenticated user Kesav, setting security context[ROLE_ADMIN, ROLE_PMO]
2020-04-01 01:01:17.493  INFO 16172 --- [http-nio-8002-exec-7] c.f.e.security.JwtAuthenticationFilter   : authenticated user Kesav, setting security context[ROLE_ADMIN, ROLE_PMO]
2020-04-01 01:01:17.824  INFO 16172 --- [AsyncResolver-bootstrap-executor-0] c.n.d.s.r.aws.ConfigClusterResolver      : Resolving eureka endpoints via configuration
2020-04-01 01:01:43.416  INFO 16172 --- [http-nio-8002-exec-5] c.f.e.security.JwtAuthenticationFilter   : authenticated user Kesav, setting security context[ROLE_ADMIN, ROLE_PMO]
2020-04-01 01:01:43.452  INFO 16172 --- [http-nio-8002-exec-10] c.f.e.security.JwtAuthenticationFilter   : authenticated user Kesav, setting security context[ROLE_ADMIN, ROLE_PMO]
2020-04-01 01:01:53.216  INFO 16172 --- [http-nio-8002-exec-1] c.f.e.security.JwtAuthenticationFilter   : authenticated user Kesav, setting security context[ROLE_ADMIN, ROLE_PMO]
2020-04-01 01:01:53.216  INFO 16172 --- [http-nio-8002-exec-8] c.f.e.security.JwtAuthenticationFilter   : authenticated user Kesav, setting security context[ROLE_ADMIN, ROLE_PMO]
2020-04-01 01:02:13.526  INFO 16172 --- [http-nio-8002-exec-9] c.f.e.security.JwtAuthenticationFilter   : authenticated user Kesav, setting security context[ROLE_ADMIN, ROLE_PMO]
2020-04-01 01:06:17.826  INFO 16172 --- [AsyncResolver-bootstrap-executor-0] c.n.d.s.r.aws.ConfigClusterResolver      : Resolving eureka endpoints via configuration
2020-04-01 01:08:01.663  INFO 16172 --- [http-nio-8002-exec-3] c.f.e.security.JwtAuthenticationFilter   : authenticated user Kesav, setting security context[ROLE_ADMIN, ROLE_PMO]
2020-04-01 01:08:08.548  INFO 16172 --- [http-nio-8002-exec-7] c.f.e.security.JwtAuthenticationFilter   : authenticated user Kesav, setting security context[ROLE_ADMIN, ROLE_PMO]
2020-04-01 01:11:17.828  INFO 16172 --- [AsyncResolver-bootstrap-executor-0] c.n.d.s.r.aws.ConfigClusterResolver      : Resolving eureka endpoints via configuration
2020-04-01 01:16:17.831  INFO 16172 --- [AsyncResolver-bootstrap-executor-0] c.n.d.s.r.aws.ConfigClusterResolver      : Resolving eureka endpoints via configuration
2020-04-01 01:17:45.841  INFO 16172 --- [http-nio-8002-exec-5] c.f.e.security.JwtAuthenticationFilter   : authenticated user Kesav, setting security context[ROLE_ADMIN, ROLE_PMO]
2020-04-01 01:18:11.998  INFO 16172 --- [http-nio-8002-exec-10] c.f.e.security.JwtAuthenticationFilter   : authenticated user Kesav, setting security context[ROLE_ADMIN, ROLE_PMO]
2020-04-01 01:19:14.078  INFO 16172 --- [http-nio-8002-exec-8] c.f.e.security.JwtAuthenticationFilter   : authenticated user Kesav, setting security context[ROLE_ADMIN, ROLE_PMO]
2020-04-01 01:20:33.740  INFO 16172 --- [http-nio-8002-exec-2] c.f.e.security.JwtAuthenticationFilter   : authenticated user Kesav, setting security context[ROLE_ADMIN, ROLE_PMO]
2020-04-01 01:21:17.833  INFO 16172 --- [AsyncResolver-bootstrap-executor-0] c.n.d.s.r.aws.ConfigClusterResolver      : Resolving eureka endpoints via configuration
2020-04-01 01:21:28.005  INFO 16172 --- [http-nio-8002-exec-4] c.f.e.security.JwtAuthenticationFilter   : authenticated user Kesav, setting security context[ROLE_ADMIN, ROLE_PMO]
2020-04-01 01:21:30.420  INFO 16172 --- [http-nio-8002-exec-3] c.f.e.security.JwtAuthenticationFilter   : authenticated user Kesav, setting security context[ROLE_ADMIN, ROLE_PMO]
2020-04-01 01:21:38.866  INFO 16172 --- [http-nio-8002-exec-7] c.f.e.security.JwtAuthenticationFilter   : authenticated user Kesav, setting security context[ROLE_ADMIN, ROLE_PMO]
2020-04-01 01:22:10.309  INFO 16172 --- [http-nio-8002-exec-6] c.f.e.security.JwtAuthenticationFilter   : authenticated user Kesav, setting security context[ROLE_ADMIN, ROLE_PMO]
2020-04-01 01:22:31.288  INFO 16172 --- [http-nio-8002-exec-5] c.f.e.security.JwtAuthenticationFilter   : authenticated user Kesav, setting security context[ROLE_ADMIN, ROLE_PMO]
2020-04-01 01:23:23.196  INFO 16172 --- [http-nio-8002-exec-10] c.f.e.security.JwtAuthenticationFilter   : authenticated user Kesav, setting security context[ROLE_ADMIN, ROLE_PMO]
2020-04-01 01:24:06.780  INFO 16172 --- [http-nio-8002-exec-1] c.f.e.security.JwtAuthenticationFilter   : authenticated user Kesav, setting security context[ROLE_ADMIN, ROLE_PMO]
2020-04-01 01:25:04.679  INFO 16172 --- [http-nio-8002-exec-8] c.f.e.security.JwtAuthenticationFilter   : authenticated user Kesav, setting security context[ROLE_ADMIN, ROLE_PMO]
2020-04-01 01:25:37.459  INFO 16172 --- [http-nio-8002-exec-9] c.f.e.security.JwtAuthenticationFilter   : authenticated user Kesav, setting security context[ROLE_ADMIN, ROLE_PMO]
2020-04-01 01:26:17.834  INFO 16172 --- [AsyncResolver-bootstrap-executor-0] c.n.d.s.r.aws.ConfigClusterResolver      : Resolving eureka endpoints via configuration
2020-04-01 01:26:57.737  INFO 16172 --- [http-nio-8002-exec-4] c.f.e.security.JwtAuthenticationFilter   : authenticated user Kesav, setting security context[ROLE_ADMIN, ROLE_PMO]
2020-04-01 01:27:01.242  INFO 16172 --- [http-nio-8002-exec-3] c.f.e.security.JwtAuthenticationFilter   : authenticated user Kesav, setting security context[ROLE_ADMIN, ROLE_PMO]
2020-04-01 01:27:25.857  INFO 16172 --- [http-nio-8002-exec-7] c.f.e.security.JwtAuthenticationFilter   : authenticated user Kesav, setting security context[ROLE_ADMIN, ROLE_PMO]
2020-04-01 01:28:08.340  INFO 16172 --- [http-nio-8002-exec-6] c.f.e.security.JwtAuthenticationFilter   : authenticated user Kesav, setting security context[ROLE_ADMIN, ROLE_PMO]
2020-04-01 01:28:26.328  INFO 16172 --- [http-nio-8002-exec-5] c.f.e.security.JwtAuthenticationFilter   : authenticated user Kesav, setting security context[ROLE_ADMIN, ROLE_PMO]
2020-04-01 01:29:46.899  INFO 16172 --- [http-nio-8002-exec-1] c.f.e.security.JwtAuthenticationFilter   : authenticated user Kesav, setting security context[ROLE_ADMIN, ROLE_PMO]
2020-04-01 01:29:55.110  INFO 16172 --- [http-nio-8002-exec-8] c.f.e.security.JwtAuthenticationFilter   : authenticated user Kesav, setting security context[ROLE_ADMIN, ROLE_PMO]
2020-04-01 01:30:16.417  INFO 16172 --- [http-nio-8002-exec-9] c.f.e.security.JwtAuthenticationFilter   : authenticated user Kesav, setting security context[ROLE_ADMIN, ROLE_PMO]
2020-04-01 01:30:30.568  INFO 16172 --- [http-nio-8002-exec-2] c.f.e.security.JwtAuthenticationFilter   : authenticated user Kesav, setting security context[ROLE_ADMIN, ROLE_PMO]
2020-04-01 01:30:48.961  INFO 16172 --- [http-nio-8002-exec-4] c.f.e.security.JwtAuthenticationFilter   : authenticated user Kesav, setting security context[ROLE_ADMIN, ROLE_PMO]
2020-04-01 01:31:04.071  INFO 16172 --- [http-nio-8002-exec-3] c.f.e.security.JwtAuthenticationFilter   : authenticated user Kesav, setting security context[ROLE_ADMIN, ROLE_PMO]
2020-04-01 01:31:17.836  INFO 16172 --- [AsyncResolver-bootstrap-executor-0] c.n.d.s.r.aws.ConfigClusterResolver      : Resolving eureka endpoints via configuration
2020-04-01 01:31:29.445  INFO 16172 --- [http-nio-8002-exec-7] c.f.e.security.JwtAuthenticationFilter   : authenticated user Kesav, setting security context[ROLE_ADMIN, ROLE_PMO]
2020-04-01 01:31:39.545  INFO 16172 --- [http-nio-8002-exec-6] c.f.e.security.JwtAuthenticationFilter   : authenticated user Kesav, setting security context[ROLE_ADMIN, ROLE_PMO]
2020-04-01 01:31:46.573  INFO 16172 --- [http-nio-8002-exec-5] c.f.e.security.JwtAuthenticationFilter   : authenticated user Kesav, setting security context[ROLE_ADMIN, ROLE_PMO]
2020-04-01 01:32:06.711  INFO 16172 --- [http-nio-8002-exec-10] c.f.e.security.JwtAuthenticationFilter   : authenticated user Kesav, setting security context[ROLE_ADMIN, ROLE_PMO]
2020-04-01 01:32:41.018  INFO 16172 --- [http-nio-8002-exec-1] c.f.e.security.JwtAuthenticationFilter   : authenticated user Kesav, setting security context[ROLE_ADMIN, ROLE_PMO]
2020-04-01 01:32:43.365  INFO 16172 --- [http-nio-8002-exec-8] c.f.e.security.JwtAuthenticationFilter   : authenticated user Kesav, setting security context[ROLE_ADMIN, ROLE_PMO]
2020-04-01 01:33:22.676  INFO 16172 --- [http-nio-8002-exec-9] c.f.e.security.JwtAuthenticationFilter   : authenticated user Kesav, setting security context[ROLE_ADMIN, ROLE_PMO]
2020-04-01 01:33:30.264  INFO 16172 --- [http-nio-8002-exec-2] c.f.e.security.JwtAuthenticationFilter   : authenticated user Kesav, setting security context[ROLE_ADMIN, ROLE_PMO]
2020-04-01 01:33:40.367  INFO 16172 --- [http-nio-8002-exec-4] c.f.e.security.JwtAuthenticationFilter   : authenticated user Kesav, setting security context[ROLE_ADMIN, ROLE_PMO]
2020-04-01 01:33:50.870  INFO 16172 --- [http-nio-8002-exec-3] c.f.e.security.JwtAuthenticationFilter   : authenticated user Kesav, setting security context[ROLE_ADMIN, ROLE_PMO]
2020-04-01 01:36:17.839  INFO 16172 --- [AsyncResolver-bootstrap-executor-0] c.n.d.s.r.aws.ConfigClusterResolver      : Resolving eureka endpoints via configuration
2020-04-01 01:36:56.677  INFO 16172 --- [http-nio-8002-exec-6] c.f.e.security.JwtAuthenticationFilter   : authenticated user Kesav, setting security context[ROLE_ADMIN, ROLE_PMO]
2020-04-01 01:38:05.867  INFO 16172 --- [http-nio-8002-exec-10] c.f.e.security.JwtAuthenticationFilter   : authenticated user Kesav, setting security context[ROLE_ADMIN, ROLE_PMO]
2020-04-01 01:38:55.311  INFO 16172 --- [http-nio-8002-exec-1] c.f.e.security.JwtAuthenticationFilter   : authenticated user Kesav, setting security context[ROLE_ADMIN, ROLE_PMO]
2020-04-01 01:41:17.842  INFO 16172 --- [AsyncResolver-bootstrap-executor-0] c.n.d.s.r.aws.ConfigClusterResolver      : Resolving eureka endpoints via configuration
2020-04-01 01:41:45.563  INFO 16172 --- [http-nio-8002-exec-9] c.f.e.security.JwtAuthenticationFilter   : authenticated user Kesav, setting security context[ROLE_ADMIN, ROLE_PMO]
2020-04-01 01:42:15.034  INFO 16172 --- [http-nio-8002-exec-2] c.f.e.security.JwtAuthenticationFilter   : authenticated user Kesav, setting security context[ROLE_ADMIN, ROLE_PMO]
2020-04-01 01:43:10.991  INFO 16172 --- [http-nio-8002-exec-4] c.f.e.security.JwtAuthenticationFilter   : authenticated user Kesav, setting security context[ROLE_ADMIN, ROLE_PMO]
2020-04-01 01:43:32.353  INFO 16172 --- [http-nio-8002-exec-3] c.f.e.security.JwtAuthenticationFilter   : authenticated user Kesav, setting security context[ROLE_ADMIN, ROLE_PMO]
2020-04-01 01:44:45.565  INFO 16172 --- [http-nio-8002-exec-6] c.f.e.security.JwtAuthenticationFilter   : authenticated user Kesav, setting security context[ROLE_ADMIN, ROLE_PMO]
2020-04-01 01:45:18.593  INFO 16172 --- [http-nio-8002-exec-5] c.f.e.security.JwtAuthenticationFilter   : authenticated user Kesav, setting security context[ROLE_ADMIN, ROLE_PMO]
2020-04-01 01:45:24.061  INFO 16172 --- [http-nio-8002-exec-10] c.f.e.security.JwtAuthenticationFilter   : authenticated user Kesav, setting security context[ROLE_ADMIN, ROLE_PMO]
2020-04-01 01:45:26.027  INFO 16172 --- [http-nio-8002-exec-1] c.f.e.security.JwtAuthenticationFilter   : authenticated user Kesav, setting security context[ROLE_ADMIN, ROLE_PMO]
2020-04-01 01:46:17.844  INFO 16172 --- [AsyncResolver-bootstrap-executor-0] c.n.d.s.r.aws.ConfigClusterResolver      : Resolving eureka endpoints via configuration
2020-04-01 01:48:21.673  INFO 16172 --- [http-nio-8002-exec-9] c.f.e.security.JwtAuthenticationFilter   : authenticated user Kesav, setting security context[ROLE_ADMIN, ROLE_PMO]
2020-04-01 01:49:25.783  INFO 16172 --- [http-nio-8002-exec-4] c.f.e.security.JwtAuthenticationFilter   : authenticated user Kesav, setting security context[ROLE_ADMIN, ROLE_PMO]
2020-04-01 01:49:57.472  INFO 16172 --- [http-nio-8002-exec-3] c.f.e.security.JwtAuthenticationFilter   : authenticated user Kesav, setting security context[ROLE_ADMIN, ROLE_PMO]
2020-04-01 01:51:17.847  INFO 16172 --- [AsyncResolver-bootstrap-executor-0] c.n.d.s.r.aws.ConfigClusterResolver      : Resolving eureka endpoints via configuration
2020-04-01 01:55:51.809  INFO 16172 --- [http-nio-8002-exec-6] c.f.e.security.JwtAuthenticationFilter   : authenticated user Kesav, setting security context[ROLE_ADMIN, ROLE_PMO]
2020-04-01 01:56:15.256  INFO 16172 --- [http-nio-8002-exec-5] c.f.e.security.JwtAuthenticationFilter   : authenticated user Kesav, setting security context[ROLE_ADMIN, ROLE_PMO]
2020-04-01 01:56:17.848  INFO 16172 --- [AsyncResolver-bootstrap-executor-0] c.n.d.s.r.aws.ConfigClusterResolver      : Resolving eureka endpoints via configuration
2020-04-01 01:56:46.046  INFO 16172 --- [http-nio-8002-exec-10] c.f.e.security.JwtAuthenticationFilter   : authenticated user Kesav, setting security context[ROLE_ADMIN, ROLE_PMO]
2020-04-01 01:57:41.740  INFO 16172 --- [http-nio-8002-exec-1] c.f.e.security.JwtAuthenticationFilter   : authenticated user Kesav, setting security context[ROLE_ADMIN, ROLE_PMO]
2020-04-01 01:57:46.239  INFO 16172 --- [http-nio-8002-exec-8] c.f.e.security.JwtAuthenticationFilter   : authenticated user Kesav, setting security context[ROLE_ADMIN, ROLE_PMO]
2020-04-01 01:59:28.116  INFO 16172 --- [http-nio-8002-exec-2] c.f.e.security.JwtAuthenticationFilter   : authenticated user Kesav, setting security context[ROLE_ADMIN, ROLE_PMO]
2020-04-01 02:00:14.998  INFO 16172 --- [http-nio-8002-exec-4] c.f.e.security.JwtAuthenticationFilter   : authenticated user Kesav, setting security context[ROLE_ADMIN, ROLE_PMO]
2020-04-01 02:01:17.851  INFO 16172 --- [AsyncResolver-bootstrap-executor-0] c.n.d.s.r.aws.ConfigClusterResolver      : Resolving eureka endpoints via configuration
2020-04-01 02:01:21.614  INFO 16172 --- [http-nio-8002-exec-7] c.f.e.security.JwtAuthenticationFilter   : authenticated user Kesav, setting security context[ROLE_ADMIN, ROLE_PMO]
2020-04-01 02:06:17.853  INFO 16172 --- [AsyncResolver-bootstrap-executor-0] c.n.d.s.r.aws.ConfigClusterResolver      : Resolving eureka endpoints via configuration
2020-04-01 02:08:03.733  INFO 16172 --- [http-nio-8002-exec-5] c.f.e.security.JwtAuthenticationFilter   : authenticated user Kesav, setting security context[ROLE_ADMIN, ROLE_PMO]
2020-04-01 02:09:38.650  INFO 16172 --- [http-nio-8002-exec-1] c.f.e.security.JwtAuthenticationFilter   : authenticated user Kesav, setting security context[ROLE_ADMIN, ROLE_PMO]
2020-04-01 02:10:27.727  INFO 16172 --- [http-nio-8002-exec-8] c.f.e.security.JwtAuthenticationFilter   : authenticated user Kesav, setting security context[ROLE_ADMIN, ROLE_PMO]
2020-04-01 02:10:48.139  INFO 16172 --- [http-nio-8002-exec-9] c.f.e.security.JwtAuthenticationFilter   : authenticated user Kesav, setting security context[ROLE_ADMIN, ROLE_PMO]
2020-04-01 02:10:58.162  INFO 16172 --- [http-nio-8002-exec-2] c.f.e.security.JwtAuthenticationFilter   : authenticated user Kesav, setting security context[ROLE_ADMIN, ROLE_PMO]
2020-04-01 02:11:03.348  INFO 16172 --- [http-nio-8002-exec-3] c.f.e.security.JwtAuthenticationFilter   : authenticated user Kesav, setting security context[ROLE_ADMIN, ROLE_PMO]
2020-04-01 02:11:03.348  INFO 16172 --- [http-nio-8002-exec-4] c.f.e.security.JwtAuthenticationFilter   : authenticated user Kesav, setting security context[ROLE_ADMIN, ROLE_PMO]
2020-04-01 02:11:17.854  INFO 16172 --- [AsyncResolver-bootstrap-executor-0] c.n.d.s.r.aws.ConfigClusterResolver      : Resolving eureka endpoints via configuration
2020-04-01 02:11:34.253  INFO 16172 --- [http-nio-8002-exec-7] c.f.e.security.JwtAuthenticationFilter   : authenticated user Kesav, setting security context[ROLE_ADMIN, ROLE_PMO]
2020-04-01 02:11:34.257  INFO 16172 --- [http-nio-8002-exec-6] c.f.e.security.JwtAuthenticationFilter   : authenticated user Kesav, setting security context[ROLE_ADMIN, ROLE_PMO]
2020-04-01 02:12:14.794  INFO 16172 --- [http-nio-8002-exec-5] c.f.e.security.JwtAuthenticationFilter   : authenticated user Kesav, setting security context[ROLE_ADMIN, ROLE_PMO]
2020-04-01 02:12:18.848  INFO 16172 --- [http-nio-8002-exec-10] c.f.e.security.JwtAuthenticationFilter   : authenticated user Kesav, setting security context[ROLE_ADMIN, ROLE_PMO]
2020-04-01 02:12:18.852  INFO 16172 --- [http-nio-8002-exec-1] c.f.e.security.JwtAuthenticationFilter   : authenticated user Kesav, setting security context[ROLE_ADMIN, ROLE_PMO]
2020-04-01 02:13:55.903  INFO 16172 --- [http-nio-8002-exec-2] c.f.e.security.JwtAuthenticationFilter   : authenticated user Kesav, setting security context[ROLE_ADMIN, ROLE_PMO]
2020-04-01 02:13:55.903  INFO 16172 --- [http-nio-8002-exec-3] c.f.e.security.JwtAuthenticationFilter   : authenticated user Kesav, setting security context[ROLE_ADMIN, ROLE_PMO]
2020-04-01 02:16:17.856  INFO 16172 --- [AsyncResolver-bootstrap-executor-0] c.n.d.s.r.aws.ConfigClusterResolver      : Resolving eureka endpoints via configuration
2020-04-01 02:20:25.824  INFO 16172 --- [http-nio-8002-exec-5] c.f.e.security.JwtAuthenticationFilter   : authenticated user Kesav, setting security context[ROLE_ADMIN, ROLE_PMO]
2020-04-01 02:20:25.824  INFO 16172 --- [http-nio-8002-exec-6] c.f.e.security.JwtAuthenticationFilter   : authenticated user Kesav, setting security context[ROLE_ADMIN, ROLE_PMO]
2020-04-01 02:21:17.858  INFO 16172 --- [AsyncResolver-bootstrap-executor-0] c.n.d.s.r.aws.ConfigClusterResolver      : Resolving eureka endpoints via configuration
2020-04-01 02:21:47.858  INFO 16172 --- [http-nio-8002-exec-9] c.f.e.security.JwtAuthenticationFilter   : authenticated user Kesav, setting security context[ROLE_ADMIN, ROLE_PMO]
2020-04-01 02:21:47.858  INFO 16172 --- [http-nio-8002-exec-8] c.f.e.security.JwtAuthenticationFilter   : authenticated user Kesav, setting security context[ROLE_ADMIN, ROLE_PMO]
2020-04-01 02:22:45.796  INFO 16172 --- [http-nio-8002-exec-2] c.f.e.security.JwtAuthenticationFilter   : authenticated user Kesav, setting security context[ROLE_ADMIN, ROLE_PMO]
2020-04-01 02:22:45.796  INFO 16172 --- [http-nio-8002-exec-3] c.f.e.security.JwtAuthenticationFilter   : authenticated user Kesav, setting security context[ROLE_ADMIN, ROLE_PMO]
2020-04-01 02:23:57.717  INFO 16172 --- [http-nio-8002-exec-6] c.f.e.security.JwtAuthenticationFilter   : authenticated user Kesav, setting security context[ROLE_ADMIN, ROLE_PMO]
2020-04-01 02:23:57.717  INFO 16172 --- [http-nio-8002-exec-5] c.f.e.security.JwtAuthenticationFilter   : authenticated user Kesav, setting security context[ROLE_ADMIN, ROLE_PMO]
2020-04-01 02:26:17.859  INFO 16172 --- [AsyncResolver-bootstrap-executor-0] c.n.d.s.r.aws.ConfigClusterResolver      : Resolving eureka endpoints via configuration
2020-04-01 02:31:17.862  INFO 16172 --- [AsyncResolver-bootstrap-executor-0] c.n.d.s.r.aws.ConfigClusterResolver      : Resolving eureka endpoints via configuration
2020-04-01 02:32:14.774  INFO 16172 --- [http-nio-8002-exec-8] c.f.e.security.JwtAuthenticationFilter   : authenticated user Kesav, setting security context[ROLE_ADMIN, ROLE_PMO]
2020-04-01 02:32:14.774  INFO 16172 --- [http-nio-8002-exec-9] c.f.e.security.JwtAuthenticationFilter   : authenticated user Kesav, setting security context[ROLE_ADMIN, ROLE_PMO]
2020-04-01 02:33:23.745  INFO 16172 --- [http-nio-8002-exec-4] c.f.e.security.JwtAuthenticationFilter   : authenticated user Kesav, setting security context[ROLE_ADMIN, ROLE_PMO]
2020-04-01 02:33:23.745  INFO 16172 --- [http-nio-8002-exec-7] c.f.e.security.JwtAuthenticationFilter   : authenticated user Kesav, setting security context[ROLE_ADMIN, ROLE_PMO]
2020-04-01 02:36:17.865  INFO 16172 --- [AsyncResolver-bootstrap-executor-0] c.n.d.s.r.aws.ConfigClusterResolver      : Resolving eureka endpoints via configuration
2020-04-01 02:37:33.759  INFO 16172 --- [http-nio-8002-exec-1] c.f.e.security.JwtAuthenticationFilter   : authenticated user Kesav, setting security context[ROLE_ADMIN, ROLE_PMO]
2020-04-01 02:37:33.759  INFO 16172 --- [http-nio-8002-exec-10] c.f.e.security.JwtAuthenticationFilter   : authenticated user Kesav, setting security context[ROLE_ADMIN, ROLE_PMO]
2020-04-01 02:38:33.773  INFO 16172 --- [http-nio-8002-exec-3] c.f.e.security.JwtAuthenticationFilter   : authenticated user Kesav, setting security context[ROLE_ADMIN, ROLE_PMO]
2020-04-01 02:38:33.773  INFO 16172 --- [http-nio-8002-exec-2] c.f.e.security.JwtAuthenticationFilter   : authenticated user Kesav, setting security context[ROLE_ADMIN, ROLE_PMO]
2020-04-01 02:38:49.795  INFO 16172 --- [http-nio-8002-exec-4] c.f.e.security.JwtAuthenticationFilter   : authenticated user Kesav, setting security context[ROLE_ADMIN, ROLE_PMO]
2020-04-01 02:38:49.795  INFO 16172 --- [http-nio-8002-exec-7] c.f.e.security.JwtAuthenticationFilter   : authenticated user Kesav, setting security context[ROLE_ADMIN, ROLE_PMO]
2020-04-01 02:39:18.213  INFO 16172 --- [http-nio-8002-exec-6] c.f.e.security.JwtAuthenticationFilter   : authenticated user Kesav, setting security context[ROLE_ADMIN, ROLE_PMO]
2020-04-01 02:39:18.224  INFO 16172 --- [http-nio-8002-exec-5] c.f.e.security.JwtAuthenticationFilter   : authenticated user Kesav, setting security context[ROLE_ADMIN, ROLE_PMO]
2020-04-01 02:41:17.866  INFO 16172 --- [AsyncResolver-bootstrap-executor-0] c.n.d.s.r.aws.ConfigClusterResolver      : Resolving eureka endpoints via configuration
2020-04-01 02:45:17.784  INFO 16172 --- [http-nio-8002-exec-9] c.f.e.security.JwtAuthenticationFilter   : authenticated user Kesav, setting security context[ROLE_ADMIN, ROLE_PMO]
2020-04-01 02:45:17.784  INFO 16172 --- [http-nio-8002-exec-8] c.f.e.security.JwtAuthenticationFilter   : authenticated user Kesav, setting security context[ROLE_ADMIN, ROLE_PMO]
2020-04-01 02:46:05.841  INFO 16172 --- [http-nio-8002-exec-3] c.f.e.security.JwtAuthenticationFilter   : authenticated user Kesav, setting security context[ROLE_ADMIN, ROLE_PMO]
2020-04-01 02:46:05.841  INFO 16172 --- [http-nio-8002-exec-2] c.f.e.security.JwtAuthenticationFilter   : authenticated user Kesav, setting security context[ROLE_ADMIN, ROLE_PMO]
2020-04-01 02:46:17.868  INFO 16172 --- [AsyncResolver-bootstrap-executor-0] c.n.d.s.r.aws.ConfigClusterResolver      : Resolving eureka endpoints via configuration
2020-04-01 02:49:19.745  INFO 16172 --- [http-nio-8002-exec-5] c.f.e.security.JwtAuthenticationFilter   : authenticated user Kesav, setting security context[ROLE_ADMIN, ROLE_PMO]
2020-04-01 02:49:19.745  INFO 16172 --- [http-nio-8002-exec-6] c.f.e.security.JwtAuthenticationFilter   : authenticated user Kesav, setting security context[ROLE_ADMIN, ROLE_PMO]
2020-04-01 02:49:43.770  INFO 16172 --- [http-nio-8002-exec-1] c.f.e.security.JwtAuthenticationFilter   : authenticated user Kesav, setting security context[ROLE_ADMIN, ROLE_PMO]
2020-04-01 02:49:43.779  INFO 16172 --- [http-nio-8002-exec-10] c.f.e.security.JwtAuthenticationFilter   : authenticated user Kesav, setting security context[ROLE_ADMIN, ROLE_PMO]
2020-04-01 02:51:17.869  INFO 16172 --- [AsyncResolver-bootstrap-executor-0] c.n.d.s.r.aws.ConfigClusterResolver      : Resolving eureka endpoints via configuration
2020-04-01 02:52:50.709  INFO 16172 --- [http-nio-8002-exec-2] c.f.e.security.JwtAuthenticationFilter   : authenticated user Kesav, setting security context[ROLE_ADMIN, ROLE_PMO]
2020-04-01 02:52:50.710  INFO 16172 --- [http-nio-8002-exec-3] c.f.e.security.JwtAuthenticationFilter   : authenticated user Kesav, setting security context[ROLE_ADMIN, ROLE_PMO]
2020-04-01 02:54:38.716  INFO 16172 --- [http-nio-8002-exec-6] c.f.e.security.JwtAuthenticationFilter   : authenticated user Kesav, setting security context[ROLE_ADMIN, ROLE_PMO]
2020-04-01 02:54:38.717  INFO 16172 --- [http-nio-8002-exec-5] c.f.e.security.JwtAuthenticationFilter   : authenticated user Kesav, setting security context[ROLE_ADMIN, ROLE_PMO]
2020-04-01 02:55:49.716  INFO 16172 --- [http-nio-8002-exec-8] c.f.e.security.JwtAuthenticationFilter   : authenticated user Kesav, setting security context[ROLE_ADMIN, ROLE_PMO]
2020-04-01 02:55:49.716  INFO 16172 --- [http-nio-8002-exec-9] c.f.e.security.JwtAuthenticationFilter   : authenticated user Kesav, setting security context[ROLE_ADMIN, ROLE_PMO]
2020-04-01 02:55:52.571  INFO 16172 --- [http-nio-8002-exec-2] c.f.e.security.JwtAuthenticationFilter   : authenticated user Kesav, setting security context[ROLE_ADMIN, ROLE_PMO]
2020-04-01 02:55:52.581  INFO 16172 --- [http-nio-8002-exec-3] c.f.e.security.JwtAuthenticationFilter   : authenticated user Kesav, setting security context[ROLE_ADMIN, ROLE_PMO]
2020-04-01 02:56:17.870  INFO 16172 --- [AsyncResolver-bootstrap-executor-0] c.n.d.s.r.aws.ConfigClusterResolver      : Resolving eureka endpoints via configuration
2020-04-01 02:56:52.540  INFO 16172 --- [http-nio-8002-exec-7] c.f.e.security.JwtAuthenticationFilter   : authenticated user Kesav, setting security context[ROLE_ADMIN, ROLE_PMO]
2020-04-01 02:56:52.541  INFO 16172 --- [http-nio-8002-exec-6] c.f.e.security.JwtAuthenticationFilter   : authenticated user Kesav, setting security context[ROLE_ADMIN, ROLE_PMO]
2020-04-01 02:57:27.945  INFO 16172 --- [http-nio-8002-exec-1] c.f.e.security.JwtAuthenticationFilter   : authenticated user Kesav, setting security context[ROLE_ADMIN, ROLE_PMO]
2020-04-01 02:57:27.945  INFO 16172 --- [http-nio-8002-exec-5] c.f.e.security.JwtAuthenticationFilter   : authenticated user Kesav, setting security context[ROLE_ADMIN, ROLE_PMO]
2020-04-01 02:58:30.785  INFO 16172 --- [http-nio-8002-exec-2] c.f.e.security.JwtAuthenticationFilter   : authenticated user Kesav, setting security context[ROLE_ADMIN, ROLE_PMO]
2020-04-01 02:58:30.785  INFO 16172 --- [http-nio-8002-exec-9] c.f.e.security.JwtAuthenticationFilter   : authenticated user Kesav, setting security context[ROLE_ADMIN, ROLE_PMO]
2020-04-01 03:01:01.786  INFO 16172 --- [http-nio-8002-exec-7] c.f.e.security.JwtAuthenticationFilter   : authenticated user Kesav, setting security context[ROLE_ADMIN, ROLE_PMO]
2020-04-01 03:01:01.786  INFO 16172 --- [http-nio-8002-exec-6] c.f.e.security.JwtAuthenticationFilter   : authenticated user Kesav, setting security context[ROLE_ADMIN, ROLE_PMO]
2020-04-01 03:01:17.874  INFO 16172 --- [AsyncResolver-bootstrap-executor-0] c.n.d.s.r.aws.ConfigClusterResolver      : Resolving eureka endpoints via configuration
2020-04-01 03:01:48.598  INFO 16172 --- [http-nio-8002-exec-1] c.f.e.security.JwtAuthenticationFilter   : authenticated user Kesav, setting security context[ROLE_ADMIN, ROLE_PMO]
2020-04-01 03:01:48.598  INFO 16172 --- [http-nio-8002-exec-5] c.f.e.security.JwtAuthenticationFilter   : authenticated user Kesav, setting security context[ROLE_ADMIN, ROLE_PMO]
2020-04-01 03:02:00.529  INFO 16172 --- [http-nio-8002-exec-8] c.f.e.security.JwtAuthenticationFilter   : authenticated user Kesav, setting security context[ROLE_ADMIN, ROLE_PMO]
2020-04-01 03:02:00.529  INFO 16172 --- [http-nio-8002-exec-10] c.f.e.security.JwtAuthenticationFilter   : authenticated user Kesav, setting security context[ROLE_ADMIN, ROLE_PMO]
2020-04-01 03:02:14.792  INFO 16172 --- [http-nio-8002-exec-2] c.f.e.security.JwtAuthenticationFilter   : authenticated user Kesav, setting security context[ROLE_ADMIN, ROLE_PMO]
2020-04-01 03:02:14.792  INFO 16172 --- [http-nio-8002-exec-9] c.f.e.security.JwtAuthenticationFilter   : authenticated user Kesav, setting security context[ROLE_ADMIN, ROLE_PMO]
2020-04-01 03:02:23.342  INFO 16172 --- [http-nio-8002-exec-4] c.f.e.security.JwtAuthenticationFilter   : authenticated user Kesav, setting security context[ROLE_ADMIN, ROLE_PMO]
2020-04-01 03:02:23.342  INFO 16172 --- [http-nio-8002-exec-3] c.f.e.security.JwtAuthenticationFilter   : authenticated user Kesav, setting security context[ROLE_ADMIN, ROLE_PMO]
2020-04-01 03:02:34.757  INFO 16172 --- [http-nio-8002-exec-6] c.f.e.security.JwtAuthenticationFilter   : authenticated user Kesav, setting security context[ROLE_ADMIN, ROLE_PMO]
2020-04-01 03:02:34.757  INFO 16172 --- [http-nio-8002-exec-7] c.f.e.security.JwtAuthenticationFilter   : authenticated user Kesav, setting security context[ROLE_ADMIN, ROLE_PMO]
2020-04-01 03:03:36.048  INFO 16172 --- [http-nio-8002-exec-8] c.f.e.security.JwtAuthenticationFilter   : authenticated user Kesav, setting security context[ROLE_ADMIN, ROLE_PMO]
2020-04-01 03:03:36.048  INFO 16172 --- [http-nio-8002-exec-10] c.f.e.security.JwtAuthenticationFilter   : authenticated user Kesav, setting security context[ROLE_ADMIN, ROLE_PMO]
2020-04-01 03:03:36.354  INFO 16172 --- [http-nio-8002-exec-2] c.f.e.security.JwtAuthenticationFilter   : authenticated user Kesav, setting security context[ROLE_ADMIN, ROLE_PMO]
2020-04-01 03:03:36.354  INFO 16172 --- [http-nio-8002-exec-9] c.f.e.security.JwtAuthenticationFilter   : authenticated user Kesav, setting security context[ROLE_ADMIN, ROLE_PMO]
2020-04-01 03:04:17.761  INFO 16172 --- [http-nio-8002-exec-3] c.f.e.security.JwtAuthenticationFilter   : authenticated user Kesav, setting security context[ROLE_ADMIN, ROLE_PMO]
2020-04-01 03:04:17.761  INFO 16172 --- [http-nio-8002-exec-4] c.f.e.security.JwtAuthenticationFilter   : authenticated user Kesav, setting security context[ROLE_ADMIN, ROLE_PMO]
2020-04-01 03:04:45.442  INFO 16172 --- [http-nio-8002-exec-6] c.f.e.security.JwtAuthenticationFilter   : authenticated user Kesav, setting security context[ROLE_ADMIN, ROLE_PMO]
2020-04-01 03:04:45.442  INFO 16172 --- [http-nio-8002-exec-7] c.f.e.security.JwtAuthenticationFilter   : authenticated user Kesav, setting security context[ROLE_ADMIN, ROLE_PMO]
2020-04-01 03:05:15.003  INFO 16172 --- [http-nio-8002-exec-1] c.f.e.security.JwtAuthenticationFilter   : authenticated user Kesav, setting security context[ROLE_ADMIN, ROLE_PMO]
2020-04-01 03:05:15.005  INFO 16172 --- [http-nio-8002-exec-5] c.f.e.security.JwtAuthenticationFilter   : authenticated user Kesav, setting security context[ROLE_ADMIN, ROLE_PMO]
2020-04-01 03:05:25.321  INFO 16172 --- [http-nio-8002-exec-8] c.f.e.security.JwtAuthenticationFilter   : authenticated user Kesav, setting security context[ROLE_ADMIN, ROLE_PMO]
2020-04-01 03:05:25.321  INFO 16172 --- [http-nio-8002-exec-10] c.f.e.security.JwtAuthenticationFilter   : authenticated user Kesav, setting security context[ROLE_ADMIN, ROLE_PMO]
2020-04-01 03:06:14.281  INFO 16172 --- [http-nio-8002-exec-9] c.f.e.security.JwtAuthenticationFilter   : authenticated user Kesav, setting security context[ROLE_ADMIN, ROLE_PMO]
2020-04-01 03:06:14.282  INFO 16172 --- [http-nio-8002-exec-2] c.f.e.security.JwtAuthenticationFilter   : authenticated user Kesav, setting security context[ROLE_ADMIN, ROLE_PMO]
2020-04-01 03:06:17.005  INFO 16172 --- [http-nio-8002-exec-3] c.f.e.security.JwtAuthenticationFilter   : authenticated user Kesav, setting security context[ROLE_ADMIN, ROLE_PMO]
2020-04-01 03:06:17.014  INFO 16172 --- [http-nio-8002-exec-4] c.f.e.security.JwtAuthenticationFilter   : authenticated user Kesav, setting security context[ROLE_ADMIN, ROLE_PMO]
2020-04-01 03:06:17.876  INFO 16172 --- [AsyncResolver-bootstrap-executor-0] c.n.d.s.r.aws.ConfigClusterResolver      : Resolving eureka endpoints via configuration
2020-04-01 03:06:36.583  INFO 16172 --- [http-nio-8002-exec-7] c.f.e.security.JwtAuthenticationFilter   : authenticated user Kesav, setting security context[ROLE_ADMIN, ROLE_PMO]
2020-04-01 03:06:36.583  INFO 16172 --- [http-nio-8002-exec-6] c.f.e.security.JwtAuthenticationFilter   : authenticated user Kesav, setting security context[ROLE_ADMIN, ROLE_PMO]
2020-04-01 03:07:15.191  INFO 16172 --- [http-nio-8002-exec-1] c.f.e.security.JwtAuthenticationFilter   : authenticated user Kesav, setting security context[ROLE_ADMIN, ROLE_PMO]
2020-04-01 03:07:15.204  INFO 16172 --- [http-nio-8002-exec-5] c.f.e.security.JwtAuthenticationFilter   : authenticated user Kesav, setting security context[ROLE_ADMIN, ROLE_PMO]
2020-04-01 03:07:51.718  INFO 16172 --- [http-nio-8002-exec-8] c.f.e.security.JwtAuthenticationFilter   : authenticated user Kesav, setting security context[ROLE_ADMIN, ROLE_PMO]
2020-04-01 03:07:51.720  INFO 16172 --- [http-nio-8002-exec-2] c.f.e.security.JwtAuthenticationFilter   : authenticated user Kesav, setting security context[ROLE_ADMIN, ROLE_PMO]
2020-04-01 03:08:15.656  INFO 16172 --- [http-nio-8002-exec-9] c.f.e.security.JwtAuthenticationFilter   : authenticated user Kesav, setting security context[ROLE_ADMIN, ROLE_PMO]
2020-04-01 03:08:15.656  INFO 16172 --- [http-nio-8002-exec-3] c.f.e.security.JwtAuthenticationFilter   : authenticated user Kesav, setting security context[ROLE_ADMIN, ROLE_PMO]
2020-04-01 03:08:19.380  INFO 16172 --- [http-nio-8002-exec-7] c.f.e.security.JwtAuthenticationFilter   : authenticated user Kesav, setting security context[ROLE_ADMIN, ROLE_PMO]
2020-04-01 03:08:19.380  INFO 16172 --- [http-nio-8002-exec-4] c.f.e.security.JwtAuthenticationFilter   : authenticated user Kesav, setting security context[ROLE_ADMIN, ROLE_PMO]
2020-04-01 03:08:22.124  INFO 16172 --- [http-nio-8002-exec-6] c.f.e.security.JwtAuthenticationFilter   : authenticated user Kesav, setting security context[ROLE_ADMIN, ROLE_PMO]
2020-04-01 03:08:22.130  INFO 16172 --- [http-nio-8002-exec-1] c.f.e.security.JwtAuthenticationFilter   : authenticated user Kesav, setting security context[ROLE_ADMIN, ROLE_PMO]
2020-04-01 03:09:03.524  INFO 16172 --- [http-nio-8002-exec-5] c.f.e.security.JwtAuthenticationFilter   : authenticated user Kesav, setting security context[ROLE_ADMIN, ROLE_PMO]
2020-04-01 03:09:03.524  INFO 16172 --- [http-nio-8002-exec-10] c.f.e.security.JwtAuthenticationFilter   : authenticated user Kesav, setting security context[ROLE_ADMIN, ROLE_PMO]
2020-04-01 03:09:40.829  INFO 16172 --- [http-nio-8002-exec-2] c.f.e.security.JwtAuthenticationFilter   : authenticated user Kesav, setting security context[ROLE_ADMIN, ROLE_PMO]
2020-04-01 03:09:40.829  INFO 16172 --- [http-nio-8002-exec-8] c.f.e.security.JwtAuthenticationFilter   : authenticated user Kesav, setting security context[ROLE_ADMIN, ROLE_PMO]
2020-04-01 03:09:49.836  INFO 16172 --- [http-nio-8002-exec-9] c.f.e.security.JwtAuthenticationFilter   : authenticated user Kesav, setting security context[ROLE_ADMIN, ROLE_PMO]
2020-04-01 03:09:49.836  INFO 16172 --- [http-nio-8002-exec-3] c.f.e.security.JwtAuthenticationFilter   : authenticated user Kesav, setting security context[ROLE_ADMIN, ROLE_PMO]
2020-04-01 03:10:06.622  INFO 16172 --- [http-nio-8002-exec-4] c.f.e.security.JwtAuthenticationFilter   : authenticated user Kesav, setting security context[ROLE_ADMIN, ROLE_PMO]
2020-04-01 03:10:06.622  INFO 16172 --- [http-nio-8002-exec-7] c.f.e.security.JwtAuthenticationFilter   : authenticated user Kesav, setting security context[ROLE_ADMIN, ROLE_PMO]
2020-04-01 03:10:34.604  INFO 16172 --- [http-nio-8002-exec-6] c.f.e.security.JwtAuthenticationFilter   : authenticated user Kesav, setting security context[ROLE_ADMIN, ROLE_PMO]
2020-04-01 03:11:17.879  INFO 16172 --- [AsyncResolver-bootstrap-executor-0] c.n.d.s.r.aws.ConfigClusterResolver      : Resolving eureka endpoints via configuration
2020-04-01 03:15:11.062  INFO 16172 --- [http-nio-8002-exec-10] c.f.e.security.JwtAuthenticationFilter   : authenticated user Kesav, setting security context[ROLE_ADMIN, ROLE_PMO]
2020-04-01 03:16:05.006  INFO 16172 --- [http-nio-8002-exec-2] c.f.e.security.JwtAuthenticationFilter   : authenticated user Kesav, setting security context[ROLE_ADMIN, ROLE_PMO]
2020-04-01 03:16:17.880  INFO 16172 --- [AsyncResolver-bootstrap-executor-0] c.n.d.s.r.aws.ConfigClusterResolver      : Resolving eureka endpoints via configuration
2020-04-01 03:16:21.702  INFO 16172 --- [http-nio-8002-exec-8] c.f.e.security.JwtAuthenticationFilter   : authenticated user Kesav, setting security context[ROLE_ADMIN, ROLE_PMO]
2020-04-01 03:16:47.431  INFO 16172 --- [http-nio-8002-exec-3] c.f.e.security.JwtAuthenticationFilter   : authenticated user Kesav, setting security context[ROLE_ADMIN, ROLE_PMO]
2020-04-01 03:17:07.232  INFO 16172 --- [http-nio-8002-exec-9] c.f.e.security.JwtAuthenticationFilter   : authenticated user Kesav, setting security context[ROLE_ADMIN, ROLE_PMO]
2020-04-01 03:17:18.891  INFO 16172 --- [http-nio-8002-exec-4] c.f.e.security.JwtAuthenticationFilter   : authenticated user Kesav, setting security context[ROLE_ADMIN, ROLE_PMO]
2020-04-01 03:20:07.730  INFO 16172 --- [http-nio-8002-exec-6] c.f.e.security.JwtAuthenticationFilter   : authenticated user Kesav, setting security context[ROLE_ADMIN, ROLE_PMO]
2020-04-01 03:20:53.723  INFO 16172 --- [http-nio-8002-exec-1] c.f.e.security.JwtAuthenticationFilter   : authenticated user Kesav, setting security context[ROLE_ADMIN, ROLE_PMO]
2020-04-01 03:21:17.882  INFO 16172 --- [AsyncResolver-bootstrap-executor-0] c.n.d.s.r.aws.ConfigClusterResolver      : Resolving eureka endpoints via configuration
2020-04-01 03:23:32.676  INFO 16172 --- [http-nio-8002-exec-10] c.f.e.security.JwtAuthenticationFilter   : authenticated user Kesav, setting security context[ROLE_ADMIN, ROLE_PMO]
2020-04-01 03:24:23.259  INFO 16172 --- [http-nio-8002-exec-2] c.f.e.security.JwtAuthenticationFilter   : authenticated user Kesav, setting security context[ROLE_ADMIN, ROLE_PMO]
2020-04-01 03:24:50.775  INFO 16172 --- [http-nio-8002-exec-8] c.f.e.security.JwtAuthenticationFilter   : authenticated user Kesav, setting security context[ROLE_ADMIN, ROLE_PMO]
2020-04-01 03:25:14.109  INFO 16172 --- [http-nio-8002-exec-3] c.f.e.security.JwtAuthenticationFilter   : authenticated user Kesav, setting security context[ROLE_ADMIN, ROLE_PMO]
2020-04-01 03:26:17.883  INFO 16172 --- [AsyncResolver-bootstrap-executor-0] c.n.d.s.r.aws.ConfigClusterResolver      : Resolving eureka endpoints via configuration
2020-04-01 03:28:58.607  INFO 16172 --- [http-nio-8002-exec-4] c.f.e.security.JwtAuthenticationFilter   : authenticated user Kesav, setting security context[ROLE_ADMIN, ROLE_PMO]
2020-04-01 03:29:01.550  INFO 16172 --- [http-nio-8002-exec-7] c.f.e.security.JwtAuthenticationFilter   : authenticated user Kesav, setting security context[ROLE_ADMIN, ROLE_PMO]
2020-04-01 03:30:30.636  INFO 16172 --- [http-nio-8002-exec-1] c.f.e.security.JwtAuthenticationFilter   : authenticated user Kesav, setting security context[ROLE_ADMIN, ROLE_PMO]
2020-04-01 03:30:31.222  INFO 16172 --- [http-nio-8002-exec-5] c.f.e.security.JwtAuthenticationFilter   : authenticated user Kesav, setting security context[ROLE_ADMIN, ROLE_PMO]
2020-04-01 03:31:17.883  INFO 16172 --- [AsyncResolver-bootstrap-executor-0] c.n.d.s.r.aws.ConfigClusterResolver      : Resolving eureka endpoints via configuration
2020-04-01 03:31:30.184  INFO 16172 --- [http-nio-8002-exec-10] c.f.e.security.JwtAuthenticationFilter   : authenticated user Kesav, setting security context[ROLE_ADMIN, ROLE_PMO]
2020-04-01 03:31:38.053  INFO 16172 --- [http-nio-8002-exec-2] c.f.e.security.JwtAuthenticationFilter   : authenticated user Kesav, setting security context[ROLE_ADMIN, ROLE_PMO]
2020-04-01 03:32:58.674  INFO 16172 --- [http-nio-8002-exec-3] c.f.e.security.JwtAuthenticationFilter   : authenticated user Kesav, setting security context[ROLE_ADMIN, ROLE_PMO]
2020-04-01 03:34:14.545  INFO 16172 --- [http-nio-8002-exec-4] c.f.e.security.JwtAuthenticationFilter   : authenticated user Kesav, setting security context[ROLE_ADMIN, ROLE_PMO]
2020-04-01 03:34:48.352  INFO 16172 --- [http-nio-8002-exec-7] c.f.e.security.JwtAuthenticationFilter   : authenticated user Kesav, setting security context[ROLE_ADMIN, ROLE_PMO]
2020-04-01 03:36:17.885  INFO 16172 --- [AsyncResolver-bootstrap-executor-0] c.n.d.s.r.aws.ConfigClusterResolver      : Resolving eureka endpoints via configuration
2020-04-01 03:36:23.595  INFO 16172 --- [http-nio-8002-exec-1] c.f.e.security.JwtAuthenticationFilter   : authenticated user Kesav, setting security context[ROLE_ADMIN, ROLE_PMO]
2020-04-01 03:36:35.358  INFO 16172 --- [http-nio-8002-exec-5] c.f.e.security.JwtAuthenticationFilter   : authenticated user Kesav, setting security context[ROLE_ADMIN, ROLE_PMO]
2020-04-01 03:36:54.383  INFO 16172 --- [http-nio-8002-exec-10] c.f.e.security.JwtAuthenticationFilter   : authenticated user Kesav, setting security context[ROLE_ADMIN, ROLE_PMO]
2020-04-01 03:37:56.715  INFO 16172 --- [http-nio-8002-exec-8] c.f.e.security.JwtAuthenticationFilter   : authenticated user Kesav, setting security context[ROLE_ADMIN, ROLE_PMO]
2020-04-01 03:38:15.867  INFO 16172 --- [http-nio-8002-exec-3] c.f.e.security.JwtAuthenticationFilter   : authenticated user Kesav, setting security context[ROLE_ADMIN, ROLE_PMO]
2020-04-01 03:39:17.319  INFO 16172 --- [http-nio-8002-exec-4] c.f.e.security.JwtAuthenticationFilter   : authenticated user Kesav, setting security context[ROLE_ADMIN, ROLE_PMO]
2020-04-01 03:41:17.887  INFO 16172 --- [AsyncResolver-bootstrap-executor-0] c.n.d.s.r.aws.ConfigClusterResolver      : Resolving eureka endpoints via configuration
2020-04-01 03:45:45.818  INFO 16172 --- [http-nio-8002-exec-6] c.f.e.security.JwtAuthenticationFilter   : authenticated user Kesav, setting security context[ROLE_ADMIN, ROLE_PMO]
2020-04-01 03:46:17.889  INFO 16172 --- [AsyncResolver-bootstrap-executor-0] c.n.d.s.r.aws.ConfigClusterResolver      : Resolving eureka endpoints via configuration
2020-04-01 03:47:30.741  INFO 16172 --- [http-nio-8002-exec-5] c.f.e.security.JwtAuthenticationFilter   : authenticated user Kesav, setting security context[ROLE_ADMIN, ROLE_PMO]
2020-04-01 03:48:18.817  INFO 16172 --- [http-nio-8002-exec-10] c.f.e.security.JwtAuthenticationFilter   : authenticated user Kesav, setting security context[ROLE_ADMIN, ROLE_PMO]
2020-04-01 03:48:56.589  INFO 16172 --- [http-nio-8002-exec-2] c.f.e.security.JwtAuthenticationFilter   : authenticated user Kesav, setting security context[ROLE_ADMIN, ROLE_PMO]
2020-04-01 03:49:00.098  INFO 16172 --- [http-nio-8002-exec-8] c.f.e.security.JwtAuthenticationFilter   : authenticated user Kesav, setting security context[ROLE_ADMIN, ROLE_PMO]
2020-04-01 03:50:53.288  INFO 16172 --- [http-nio-8002-exec-9] c.f.e.security.JwtAuthenticationFilter   : authenticated user Kesav, setting security context[ROLE_ADMIN, ROLE_PMO]
2020-04-01 03:51:12.805  INFO 16172 --- [http-nio-8002-exec-4] c.f.e.security.JwtAuthenticationFilter   : authenticated user Kesav, setting security context[ROLE_ADMIN, ROLE_PMO]
2020-04-01 03:51:17.890  INFO 16172 --- [AsyncResolver-bootstrap-executor-0] c.n.d.s.r.aws.ConfigClusterResolver      : Resolving eureka endpoints via configuration
2020-04-01 03:51:45.276  INFO 16172 --- [http-nio-8002-exec-7] c.f.e.security.JwtAuthenticationFilter   : authenticated user Kesav, setting security context[ROLE_ADMIN, ROLE_PMO]
2020-04-01 03:52:42.701  INFO 16172 --- [http-nio-8002-exec-6] c.f.e.security.JwtAuthenticationFilter   : authenticated user Kesav, setting security context[ROLE_ADMIN, ROLE_PMO]
2020-04-01 03:55:19.780  INFO 16172 --- [http-nio-8002-exec-5] c.f.e.security.JwtAuthenticationFilter   : authenticated user Kesav, setting security context[ROLE_ADMIN, ROLE_PMO]
2020-04-01 03:56:08.769  INFO 16172 --- [http-nio-8002-exec-10] c.f.e.security.JwtAuthenticationFilter   : authenticated user Kesav, setting security context[ROLE_ADMIN, ROLE_PMO]
2020-04-01 03:56:17.893  INFO 16172 --- [AsyncResolver-bootstrap-executor-0] c.n.d.s.r.aws.ConfigClusterResolver      : Resolving eureka endpoints via configuration
2020-04-01 03:56:26.044  INFO 16172 --- [http-nio-8002-exec-2] c.f.e.security.JwtAuthenticationFilter   : authenticated user Kesav, setting security context[ROLE_ADMIN, ROLE_PMO]
2020-04-01 03:56:28.191  INFO 16172 --- [http-nio-8002-exec-8] c.f.e.security.JwtAuthenticationFilter   : authenticated user Kesav, setting security context[ROLE_ADMIN, ROLE_PMO]
2020-04-01 04:01:17.896  INFO 16172 --- [AsyncResolver-bootstrap-executor-0] c.n.d.s.r.aws.ConfigClusterResolver      : Resolving eureka endpoints via configuration
2020-04-01 04:06:17.899  INFO 16172 --- [AsyncResolver-bootstrap-executor-0] c.n.d.s.r.aws.ConfigClusterResolver      : Resolving eureka endpoints via configuration
2020-04-01 04:07:12.801  INFO 16172 --- [http-nio-8002-exec-9] c.f.e.security.JwtAuthenticationFilter   : authenticated user Kesav, setting security context[ROLE_ADMIN, ROLE_PMO]
2020-04-01 04:07:45.632  INFO 16172 --- [http-nio-8002-exec-4] c.f.e.security.JwtAuthenticationFilter   : authenticated user Kesav, setting security context[ROLE_ADMIN, ROLE_PMO]
2020-04-01 04:07:59.422  INFO 16172 --- [http-nio-8002-exec-7] c.f.e.security.JwtAuthenticationFilter   : authenticated user Kesav, setting security context[ROLE_ADMIN, ROLE_PMO]
2020-04-01 04:10:04.815  INFO 16172 --- [http-nio-8002-exec-1] c.f.e.security.JwtAuthenticationFilter   : authenticated user Kesav, setting security context[ROLE_ADMIN, ROLE_PMO]
2020-04-01 04:11:17.902  INFO 16172 --- [AsyncResolver-bootstrap-executor-0] c.n.d.s.r.aws.ConfigClusterResolver      : Resolving eureka endpoints via configuration
2020-04-01 04:11:38.031  INFO 16172 --- [http-nio-8002-exec-10] c.f.e.security.JwtAuthenticationFilter   : authenticated user Kesav, setting security context[ROLE_ADMIN, ROLE_PMO]
2020-04-01 04:11:41.880  INFO 16172 --- [http-nio-8002-exec-2] c.f.e.security.JwtAuthenticationFilter   : authenticated user Kesav, setting security context[ROLE_ADMIN, ROLE_PMO]
2020-04-01 04:15:07.724  INFO 16172 --- [http-nio-8002-exec-3] c.f.e.security.JwtAuthenticationFilter   : authenticated user Kesav, setting security context[ROLE_ADMIN, ROLE_PMO]
2020-04-01 04:15:58.243  INFO 16172 --- [http-nio-8002-exec-9] c.f.e.security.JwtAuthenticationFilter   : authenticated user Kesav, setting security context[ROLE_ADMIN, ROLE_PMO]
2020-04-01 04:16:17.905  INFO 16172 --- [AsyncResolver-bootstrap-executor-0] c.n.d.s.r.aws.ConfigClusterResolver      : Resolving eureka endpoints via configuration
2020-04-01 04:16:53.085  INFO 16172 --- [http-nio-8002-exec-4] c.f.e.security.JwtAuthenticationFilter   : authenticated user Kesav, setting security context[ROLE_ADMIN, ROLE_PMO]
2020-04-01 04:16:56.242  INFO 16172 --- [http-nio-8002-exec-7] c.f.e.security.JwtAuthenticationFilter   : authenticated user Kesav, setting security context[ROLE_ADMIN, ROLE_PMO]
2020-04-01 04:17:03.896  INFO 16172 --- [http-nio-8002-exec-6] c.f.e.security.JwtAuthenticationFilter   : authenticated user Kesav, setting security context[ROLE_ADMIN, ROLE_PMO]
2020-04-01 04:17:28.216  INFO 16172 --- [http-nio-8002-exec-1] c.f.e.security.JwtAuthenticationFilter   : authenticated user Kesav, setting security context[ROLE_ADMIN, ROLE_PMO]
2020-04-01 04:17:30.676  INFO 16172 --- [http-nio-8002-exec-5] c.f.e.security.JwtAuthenticationFilter   : authenticated user Kesav, setting security context[ROLE_ADMIN, ROLE_PMO]
